2024-05-28 08:50:23 +0000  Initial pipeline context: <IDEDistributionProcessingPipelineContext: 0x29be66ac0; archive(resolved)="<IDEArchive: 0x600024689980>", distributionTask(resolved)="2", distributionDestination(resolved)="1", distributionMethod(resolved)="<IDEDistributionMethodDevelopmentSigned: 0x6000060b5c50>", team(resolved)="<IDEProvisioningDisambiguatableBasicTeam: 0x60000791a4c0; teamID='PMSSN6Z88H', teamName='Datanetiix Solutions Inc', teamType='Company', username='av@datanetiix.com', isFreeProvisioningTeam='0'>">
	Chain (15, self inclusive):
	<IDEDistributionProcessingPipelineContext: 0x29be66ac0; archive = "<IDEArchive: 0x600024689980>", distributionMethod="<IDEDistributionMethodDevelopmentSigned: 0x6000060b5c50>", team="<IDEProvisioningDisambiguatableBasicTeam: 0x60000791a4c0; teamID='PMSSN6Z88H', teamName='Datanetiix Solutions Inc', teamType='Company', username='av@datanetiix.com', isFreeProvisioningTeam='0'>">
	<IDEDistributionProcessingPipelineContext: 0x2e8dc7f10; archive = "<IDEArchive: 0x600024689980>", distributionMethod="<IDEDistributionMethodDevelopmentSigned: 0x6000060b5c50>", team="<IDEProvisioningDisambiguatableBasicTeam: 0x60000791a4c0; teamID='PMSSN6Z88H', teamName='Datanetiix Solutions Inc', teamType='Company', username='av@datanetiix.com', isFreeProvisioningTeam='0'>">
	<IDEDistributionContext: 0x2eb9d5960; archive = "<IDEArchive: 0x600024689980>", distributionMethod="<IDEDistributionMethodDevelopmentSigned: 0x6000060b5c50>", team="<IDEProvisioningDisambiguatableBasicTeam: 0x60000791a4c0; teamID='PMSSN6Z88H', teamName='Datanetiix Solutions Inc', teamType='Company', username='av@datanetiix.com', isFreeProvisioningTeam='0'>">
	<IDEDistributionContext: 0x2e8de11c0; archive = "<IDEArchive: 0x600024689980>", distributionMethod="<IDEDistributionMethodDevelopmentSigned: 0x6000060b5c50>", team="<IDEProvisioningDisambiguatableBasicTeam: 0x60000791a4c0; teamID='PMSSN6Z88H', teamName='Datanetiix Solutions Inc', teamType='Company', username='av@datanetiix.com', isFreeProvisioningTeam='0'>">
	<IDEDistributionContext: 0x2e8ddd6a0; archive = "<IDEArchive: 0x600024689980>", distributionMethod="<IDEDistributionMethodDevelopmentSigned: 0x6000060b5c50>", team="<IDEProvisioningDisambiguatableBasicTeam: 0x60000791a4c0; teamID='PMSSN6Z88H', teamName='Datanetiix Solutions Inc', teamType='Company', username='av@datanetiix.com', isFreeProvisioningTeam='0'>">
	<IDEDistributionContext: 0x2e8dec710; archive = "<IDEArchive: 0x600024689980>", distributionMethod="<IDEDistributionMethodDevelopmentSigned: 0x6000060b5c50>", team="<IDEProvisioningDisambiguatableBasicTeam: 0x60000791a4c0; teamID='PMSSN6Z88H', teamName='Datanetiix Solutions Inc', teamType='Company', username='av@datanetiix.com', isFreeProvisioningTeam='0'>">
	<IDEDistributionContext: 0x2e5c5e960; archive = "<IDEArchive: 0x600024689980>", distributionMethod="<IDEDistributionMethodDevelopmentSigned: 0x6000060b5c50>", team="<IDEProvisioningDisambiguatableBasicTeam: 0x60000791a4c0; teamID='PMSSN6Z88H', teamName='Datanetiix Solutions Inc', teamType='Company', username='av@datanetiix.com', isFreeProvisioningTeam='0'>">
	<IDEDistributionContext: 0x2e54effb0; archive = "<IDEArchive: 0x600024689980>", distributionMethod="<IDEDistributionMethodDevelopmentSigned: 0x6000060b5c50>", team="<IDEProvisioningDisambiguatableBasicTeam: 0x60000791a4c0; teamID='PMSSN6Z88H', teamName='Datanetiix Solutions Inc', teamType='Company', username='av@datanetiix.com', isFreeProvisioningTeam='0'>">
	<IDEDistributionContext: 0x2eb9e25f0; archive = "<IDEArchive: 0x600024689980>", distributionMethod="<IDEDistributionMethodDevelopmentSigned: 0x6000060b5c50>", team="<IDEProvisioningDisambiguatableBasicTeam: 0x60000791a4c0; teamID='PMSSN6Z88H', teamName='Datanetiix Solutions Inc', teamType='Company', username='av@datanetiix.com', isFreeProvisioningTeam='0'>">
	<IDEDistributionContext: 0x130d7de90; archive = "<IDEArchive: 0x600024689980>", distributionMethod="<IDEDistributionMethodDevelopmentSigned: 0x6000060b5c50>", team="(null)">
	<IDEDistributionContext: 0x2eba77bf0; archive = "<IDEArchive: 0x600024689980>", distributionMethod="<IDEDistributionMethodDevelopmentSigned: 0x6000060b5c50>", team="(null)">
	<IDEDistributionContext: 0x2ebadb0a0; archive = "<IDEArchive: 0x600024689980>", distributionMethod="<IDEDistributionMethodDevelopmentSigned: 0x6000060b5c50>", team="(null)">
	<IDEDistributionContext: 0x2e585fcb0; archive = "<IDEArchive: 0x600024689980>", distributionMethod="<IDEDistributionMethodDevelopmentSigned: 0x6000060b5c50>", team="(null)">
	<IDEDistributionContext: 0x2e5ce9020; archive = "<IDEArchive: 0x600024689980>", distributionMethod="(null)", team="(null)">
	<IDEDistributionContext: 0x2e21c63e0; archive = "<IDEArchive: 0x600024689980>", distributionMethod="(null)", team="(null)">
</IDEDistributionProcessingPipelineContext: 0x29be66ac0>
2024-05-28 08:50:23 +0000  Processing step: IDEDistributionCreateDestRootStep
2024-05-28 08:50:23 +0000  Processing step: IDEDistributionCopyItemStep
2024-05-28 08:50:23 +0000  Running /usr/bin/ditto '-V' '/Users/suresh/Library/Developer/Xcode/Archives/2024-05-28/Casala 28-05-24, 2.18 PM.xcarchive/Products/Applications/Casala.app' '/var/folders/3n/94j4hdz957z5955tz9n8ckhh0000gq/T/XcodeDistPipeline.~~~qEeJVW/Root/Payload/Casala.app'
2024-05-28 08:50:23 +0000  >>> Copying /Users/suresh/Library/Developer/Xcode/Archives/2024-05-28/Casala 28-05-24, 2.18 PM.xcarchive/Products/Applications/Casala.app 
2024-05-28 08:50:23 +0000  copying file ./_CodeSignature/CodeResources ... 
2024-05-28 08:50:23 +0000  53816 bytes for ./_CodeSignature/CodeResources
2024-05-28 08:50:23 +0000  copying file ./Poppins-ExtraLight.ttf ... 
2024-05-28 08:50:23 +0000  161456 bytes for ./Poppins-ExtraLight.ttf
copying file ./Poppins-ThinItalic.ttf ... 
2024-05-28 08:50:23 +0000  187044 bytes for ./Poppins-ThinItalic.ttf
2024-05-28 08:50:23 +0000  copying file ./Poppins-ExtraLightItalic.ttf ... 
2024-05-28 08:50:23 +0000  186168 bytes for ./Poppins-ExtraLightItalic.ttf
2024-05-28 08:50:23 +0000  copying file ./Poppins-BoldItalic.ttf ... 
2024-05-28 08:50:23 +0000  176588 bytes for ./Poppins-BoldItalic.ttf
2024-05-28 08:50:23 +0000  copying file ./Poppins-Light.ttf ... 
2024-05-28 08:50:23 +0000  159892 bytes for ./Poppins-Light.ttf
2024-05-28 08:50:23 +0000  copying file ./Casala ... 
2024-05-28 08:50:23 +0000  4957776 bytes for ./Casala
2024-05-28 08:50:23 +0000  copying file ./Poppins-Medium.ttf ... 
2024-05-28 08:50:23 +0000  156520 bytes for ./Poppins-Medium.ttf
2024-05-28 08:50:23 +0000  copying file ./AppIcon60x60@2x.png ... 
2024-05-28 08:50:23 +0000  9949 bytes for ./AppIcon60x60@2x.png
2024-05-28 08:50:23 +0000  copying file ./Poppins-SemiBoldItalic.ttf ... 
2024-05-28 08:50:23 +0000  178584 bytes for ./Poppins-SemiBoldItalic.ttf
2024-05-28 08:50:23 +0000  copying file ./Poppins-ExtraBoldItalic.ttf ... 
2024-05-28 08:50:23 +0000  173916 bytes for ./Poppins-ExtraBoldItalic.ttf
2024-05-28 08:50:23 +0000  copying file ./Poppins-ExtraBold.ttf ... 
2024-05-28 08:50:23 +0000  152764 bytes for ./Poppins-ExtraBold.ttf
2024-05-28 08:50:23 +0000  copying file ./Assets.car ... 
2024-05-28 08:50:23 +0000  297983 bytes for ./Assets.car
2024-05-28 08:50:23 +0000  copying file ./AppIcon76x76@2x~ipad.png ... 
2024-05-28 08:50:23 +0000  13339 bytes for ./AppIcon76x76@2x~ipad.png
2024-05-28 08:50:23 +0000  copying file ./Poppins-BlackItalic.ttf ... 
2024-05-28 08:50:23 +0000  171604 bytes for ./Poppins-BlackItalic.ttf
2024-05-28 08:50:23 +0000  copying file ./main.jsbundle ... 
2024-05-28 08:50:23 +0000  3312787 bytes for ./main.jsbundle
2024-05-28 08:50:23 +0000  copying file ./RCTI18nStrings.bundle/de.lproj/Localizable.strings ... 
2024-05-28 08:50:23 +0000  64 bytes for ./RCTI18nStrings.bundle/de.lproj/Localizable.strings
2024-05-28 08:50:23 +0000  copying file ./RCTI18nStrings.bundle/de.lproj/fbt_language_pack.bin ... 
2024-05-28 08:50:23 +0000  1312 bytes for ./RCTI18nStrings.bundle/de.lproj/fbt_language_pack.bin
2024-05-28 08:50:23 +0000  copying file ./RCTI18nStrings.bundle/he.lproj/Localizable.strings ... 
2024-05-28 08:50:23 +0000  64 bytes for ./RCTI18nStrings.bundle/he.lproj/Localizable.strings
2024-05-28 08:50:23 +0000  copying file ./RCTI18nStrings.bundle/he.lproj/fbt_language_pack.bin ... 
2024-05-28 08:50:23 +0000  1444 bytes for ./RCTI18nStrings.bundle/he.lproj/fbt_language_pack.bin
2024-05-28 08:50:23 +0000  copying file ./RCTI18nStrings.bundle/ar.lproj/Localizable.strings ... 
2024-05-28 08:50:23 +0000  64 bytes for ./RCTI18nStrings.bundle/ar.lproj/Localizable.strings
copying file ./RCTI18nStrings.bundle/ar.lproj/fbt_language_pack.bin ... 
2024-05-28 08:50:23 +0000  1500 bytes for ./RCTI18nStrings.bundle/ar.lproj/fbt_language_pack.bin
2024-05-28 08:50:23 +0000  copying file ./RCTI18nStrings.bundle/el.lproj/Localizable.strings ... 
2024-05-28 08:50:23 +0000  64 bytes for ./RCTI18nStrings.bundle/el.lproj/Localizable.strings
2024-05-28 08:50:23 +0000  copying file ./RCTI18nStrings.bundle/el.lproj/fbt_language_pack.bin ... 
2024-05-28 08:50:23 +0000  1600 bytes for ./RCTI18nStrings.bundle/el.lproj/fbt_language_pack.bin
2024-05-28 08:50:23 +0000  copying file ./RCTI18nStrings.bundle/zh-Hans.lproj/Localizable.strings ... 
2024-05-28 08:50:23 +0000  64 bytes for ./RCTI18nStrings.bundle/zh-Hans.lproj/Localizable.strings
2024-05-28 08:50:23 +0000  copying file ./RCTI18nStrings.bundle/zh-Hans.lproj/fbt_language_pack.bin ... 
2024-05-28 08:50:23 +0000  1296 bytes for ./RCTI18nStrings.bundle/zh-Hans.lproj/fbt_language_pack.bin
2024-05-28 08:50:23 +0000  copying file ./RCTI18nStrings.bundle/ja.lproj/Localizable.strings ... 
2024-05-28 08:50:23 +0000  64 bytes for ./RCTI18nStrings.bundle/ja.lproj/Localizable.strings
2024-05-28 08:50:23 +0000  copying file ./RCTI18nStrings.bundle/ja.lproj/fbt_language_pack.bin ... 
2024-05-28 08:50:23 +0000  1436 bytes for ./RCTI18nStrings.bundle/ja.lproj/fbt_language_pack.bin
2024-05-28 08:50:23 +0000  copying file ./RCTI18nStrings.bundle/en.lproj/Localizable.strings ... 
2024-05-28 08:50:23 +0000  64 bytes for ./RCTI18nStrings.bundle/en.lproj/Localizable.strings
2024-05-28 08:50:23 +0000  copying file ./RCTI18nStrings.bundle/zh-Hant-HK.lproj/Localizable.strings ... 
2024-05-28 08:50:23 +0000  64 bytes for ./RCTI18nStrings.bundle/zh-Hant-HK.lproj/Localizable.strings
2024-05-28 08:50:23 +0000  copying file ./RCTI18nStrings.bundle/zh-Hant-HK.lproj/fbt_language_pack.bin ... 
2024-05-28 08:50:23 +0000  1296 bytes for ./RCTI18nStrings.bundle/zh-Hant-HK.lproj/fbt_language_pack.bin
2024-05-28 08:50:23 +0000  copying file ./RCTI18nStrings.bundle/uk.lproj/Localizable.strings ... 
2024-05-28 08:50:23 +0000  64 bytes for ./RCTI18nStrings.bundle/uk.lproj/Localizable.strings
2024-05-28 08:50:23 +0000  copying file ./RCTI18nStrings.bundle/uk.lproj/fbt_language_pack.bin ... 
2024-05-28 08:50:23 +0000  1564 bytes for ./RCTI18nStrings.bundle/uk.lproj/fbt_language_pack.bin
2024-05-28 08:50:23 +0000  copying file ./RCTI18nStrings.bundle/nb.lproj/Localizable.strings ... 
2024-05-28 08:50:23 +0000  64 bytes for ./RCTI18nStrings.bundle/nb.lproj/Localizable.strings
2024-05-28 08:50:23 +0000  copying file ./RCTI18nStrings.bundle/nb.lproj/fbt_language_pack.bin ... 
2024-05-28 08:50:23 +0000  1296 bytes for ./RCTI18nStrings.bundle/nb.lproj/fbt_language_pack.bin
2024-05-28 08:50:23 +0000  copying file ./RCTI18nStrings.bundle/en-GB.lproj/Localizable.strings ... 
2024-05-28 08:50:23 +0000  64 bytes for ./RCTI18nStrings.bundle/en-GB.lproj/Localizable.strings
2024-05-28 08:50:23 +0000  copying file ./RCTI18nStrings.bundle/en-GB.lproj/fbt_language_pack.bin ... 
2024-05-28 08:50:23 +0000  1268 bytes for ./RCTI18nStrings.bundle/en-GB.lproj/fbt_language_pack.bin
2024-05-28 08:50:23 +0000  copying file ./RCTI18nStrings.bundle/es.lproj/Localizable.strings ... 
2024-05-28 08:50:23 +0000  64 bytes for ./RCTI18nStrings.bundle/es.lproj/Localizable.strings
2024-05-28 08:50:23 +0000  copying file ./RCTI18nStrings.bundle/es.lproj/fbt_language_pack.bin ... 
2024-05-28 08:50:23 +0000  1364 bytes for ./RCTI18nStrings.bundle/es.lproj/fbt_language_pack.bin
2024-05-28 08:50:23 +0000  copying file ./RCTI18nStrings.bundle/da.lproj/Localizable.strings ... 
2024-05-28 08:50:23 +0000  64 bytes for ./RCTI18nStrings.bundle/da.lproj/Localizable.strings
2024-05-28 08:50:23 +0000  copying file ./RCTI18nStrings.bundle/da.lproj/fbt_language_pack.bin ... 
2024-05-28 08:50:23 +0000  1300 bytes for ./RCTI18nStrings.bundle/da.lproj/fbt_language_pack.bin
2024-05-28 08:50:23 +0000  copying file ./RCTI18nStrings.bundle/it.lproj/Localizable.strings ... 
2024-05-28 08:50:23 +0000  64 bytes for ./RCTI18nStrings.bundle/it.lproj/Localizable.strings
2024-05-28 08:50:23 +0000  copying file ./RCTI18nStrings.bundle/it.lproj/fbt_language_pack.bin ... 
2024-05-28 08:50:23 +0000  1388 bytes for ./RCTI18nStrings.bundle/it.lproj/fbt_language_pack.bin
2024-05-28 08:50:23 +0000  copying file ./RCTI18nStrings.bundle/sk.lproj/Localizable.strings ... 
2024-05-28 08:50:23 +0000  64 bytes for ./RCTI18nStrings.bundle/sk.lproj/Localizable.strings
2024-05-28 08:50:23 +0000  copying file ./RCTI18nStrings.bundle/sk.lproj/fbt_language_pack.bin ... 
2024-05-28 08:50:23 +0000  1356 bytes for ./RCTI18nStrings.bundle/sk.lproj/fbt_language_pack.bin
2024-05-28 08:50:23 +0000  copying file ./RCTI18nStrings.bundle/es-ES.lproj/Localizable.strings ... 
2024-05-28 08:50:23 +0000  64 bytes for ./RCTI18nStrings.bundle/es-ES.lproj/Localizable.strings
2024-05-28 08:50:23 +0000  copying file ./RCTI18nStrings.bundle/es-ES.lproj/fbt_language_pack.bin ... 
2024-05-28 08:50:23 +0000  1368 bytes for ./RCTI18nStrings.bundle/es-ES.lproj/fbt_language_pack.bin
2024-05-28 08:50:23 +0000  copying file ./RCTI18nStrings.bundle/ms.lproj/Localizable.strings ... 
2024-05-28 08:50:23 +0000  64 bytes for ./RCTI18nStrings.bundle/ms.lproj/Localizable.strings
2024-05-28 08:50:23 +0000  copying file ./RCTI18nStrings.bundle/ms.lproj/fbt_language_pack.bin ... 
2024-05-28 08:50:23 +0000  1292 bytes for ./RCTI18nStrings.bundle/ms.lproj/fbt_language_pack.bin
2024-05-28 08:50:23 +0000  copying file ./RCTI18nStrings.bundle/sv.lproj/Localizable.strings ... 
2024-05-28 08:50:23 +0000  64 bytes for ./RCTI18nStrings.bundle/sv.lproj/Localizable.strings
2024-05-28 08:50:23 +0000  copying file ./RCTI18nStrings.bundle/sv.lproj/fbt_language_pack.bin ... 
2024-05-28 08:50:23 +0000  1300 bytes for ./RCTI18nStrings.bundle/sv.lproj/fbt_language_pack.bin
2024-05-28 08:50:23 +0000  copying file ./RCTI18nStrings.bundle/cs.lproj/Localizable.strings ... 
2024-05-28 08:50:23 +0000  64 bytes for ./RCTI18nStrings.bundle/cs.lproj/Localizable.strings
2024-05-28 08:50:23 +0000  copying file ./RCTI18nStrings.bundle/cs.lproj/fbt_language_pack.bin ... 
2024-05-28 08:50:23 +0000  1368 bytes for ./RCTI18nStrings.bundle/cs.lproj/fbt_language_pack.bin
2024-05-28 08:50:23 +0000  copying file ./RCTI18nStrings.bundle/ko.lproj/Localizable.strings ... 
2024-05-28 08:50:23 +0000  64 bytes for ./RCTI18nStrings.bundle/ko.lproj/Localizable.strings
2024-05-28 08:50:23 +0000  copying file ./RCTI18nStrings.bundle/ko.lproj/fbt_language_pack.bin ... 
2024-05-28 08:50:23 +0000  1332 bytes for ./RCTI18nStrings.bundle/ko.lproj/fbt_language_pack.bin
2024-05-28 08:50:23 +0000  copying file ./RCTI18nStrings.bundle/zh-Hant.lproj/Localizable.strings ... 
2024-05-28 08:50:23 +0000  64 bytes for ./RCTI18nStrings.bundle/zh-Hant.lproj/Localizable.strings
2024-05-28 08:50:23 +0000  copying file ./RCTI18nStrings.bundle/zh-Hant.lproj/fbt_language_pack.bin ... 
2024-05-28 08:50:23 +0000  1308 bytes for ./RCTI18nStrings.bundle/zh-Hant.lproj/fbt_language_pack.bin
2024-05-28 08:50:23 +0000  copying file ./RCTI18nStrings.bundle/hu.lproj/Localizable.strings ... 
2024-05-28 08:50:23 +0000  64 bytes for ./RCTI18nStrings.bundle/hu.lproj/Localizable.strings
2024-05-28 08:50:23 +0000  copying file ./RCTI18nStrings.bundle/hu.lproj/fbt_language_pack.bin ... 
2024-05-28 08:50:23 +0000  1348 bytes for ./RCTI18nStrings.bundle/hu.lproj/fbt_language_pack.bin
2024-05-28 08:50:23 +0000  copying file ./RCTI18nStrings.bundle/tr.lproj/Localizable.strings ... 
2024-05-28 08:50:23 +0000  64 bytes for ./RCTI18nStrings.bundle/tr.lproj/Localizable.strings
2024-05-28 08:50:23 +0000  copying file ./RCTI18nStrings.bundle/tr.lproj/fbt_language_pack.bin ... 
2024-05-28 08:50:23 +0000  1360 bytes for ./RCTI18nStrings.bundle/tr.lproj/fbt_language_pack.bin
2024-05-28 08:50:23 +0000  copying file ./RCTI18nStrings.bundle/pl.lproj/Localizable.strings ... 
2024-05-28 08:50:23 +0000  64 bytes for ./RCTI18nStrings.bundle/pl.lproj/Localizable.strings
2024-05-28 08:50:23 +0000  copying file ./RCTI18nStrings.bundle/pl.lproj/fbt_language_pack.bin ... 
2024-05-28 08:50:23 +0000  1340 bytes for ./RCTI18nStrings.bundle/pl.lproj/fbt_language_pack.bin
2024-05-28 08:50:23 +0000  copying file ./RCTI18nStrings.bundle/vi.lproj/Localizable.strings ... 
2024-05-28 08:50:23 +0000  64 bytes for ./RCTI18nStrings.bundle/vi.lproj/Localizable.strings
2024-05-28 08:50:23 +0000  copying file ./RCTI18nStrings.bundle/vi.lproj/fbt_language_pack.bin ... 
2024-05-28 08:50:23 +0000  1352 bytes for ./RCTI18nStrings.bundle/vi.lproj/fbt_language_pack.bin
2024-05-28 08:50:23 +0000  copying file ./RCTI18nStrings.bundle/ru.lproj/Localizable.strings ... 
2024-05-28 08:50:23 +0000  64 bytes for ./RCTI18nStrings.bundle/ru.lproj/Localizable.strings
2024-05-28 08:50:23 +0000  copying file ./RCTI18nStrings.bundle/ru.lproj/fbt_language_pack.bin ... 
2024-05-28 08:50:23 +0000  1576 bytes for ./RCTI18nStrings.bundle/ru.lproj/fbt_language_pack.bin
2024-05-28 08:50:23 +0000  copying file ./RCTI18nStrings.bundle/fr.lproj/Localizable.strings ... 
2024-05-28 08:50:23 +0000  64 bytes for ./RCTI18nStrings.bundle/fr.lproj/Localizable.strings
2024-05-28 08:50:23 +0000  copying file ./RCTI18nStrings.bundle/fr.lproj/fbt_language_pack.bin ... 
2024-05-28 08:50:23 +0000  1360 bytes for ./RCTI18nStrings.bundle/fr.lproj/fbt_language_pack.bin
2024-05-28 08:50:23 +0000  copying file ./RCTI18nStrings.bundle/fi.lproj/Localizable.strings ... 
2024-05-28 08:50:23 +0000  64 bytes for ./RCTI18nStrings.bundle/fi.lproj/Localizable.strings
2024-05-28 08:50:23 +0000  copying file ./RCTI18nStrings.bundle/fi.lproj/fbt_language_pack.bin ... 
2024-05-28 08:50:23 +0000  1340 bytes for ./RCTI18nStrings.bundle/fi.lproj/fbt_language_pack.bin
2024-05-28 08:50:23 +0000  copying file ./RCTI18nStrings.bundle/id.lproj/Localizable.strings ... 
2024-05-28 08:50:23 +0000  64 bytes for ./RCTI18nStrings.bundle/id.lproj/Localizable.strings
2024-05-28 08:50:23 +0000  copying file ./RCTI18nStrings.bundle/id.lproj/fbt_language_pack.bin ... 
2024-05-28 08:50:23 +0000  1300 bytes for ./RCTI18nStrings.bundle/id.lproj/fbt_language_pack.bin
2024-05-28 08:50:23 +0000  copying file ./RCTI18nStrings.bundle/nl.lproj/Localizable.strings ... 
2024-05-28 08:50:23 +0000  64 bytes for ./RCTI18nStrings.bundle/nl.lproj/Localizable.strings
2024-05-28 08:50:23 +0000  copying file ./RCTI18nStrings.bundle/nl.lproj/fbt_language_pack.bin ... 
2024-05-28 08:50:23 +0000  1324 bytes for ./RCTI18nStrings.bundle/nl.lproj/fbt_language_pack.bin
2024-05-28 08:50:23 +0000  copying file ./RCTI18nStrings.bundle/th.lproj/Localizable.strings ... 
2024-05-28 08:50:23 +0000  64 bytes for ./RCTI18nStrings.bundle/th.lproj/Localizable.strings
2024-05-28 08:50:23 +0000  copying file ./RCTI18nStrings.bundle/th.lproj/fbt_language_pack.bin ... 
2024-05-28 08:50:23 +0000  1784 bytes for ./RCTI18nStrings.bundle/th.lproj/fbt_language_pack.bin
2024-05-28 08:50:23 +0000  copying file ./RCTI18nStrings.bundle/pt.lproj/Localizable.strings ... 
2024-05-28 08:50:23 +0000  64 bytes for ./RCTI18nStrings.bundle/pt.lproj/Localizable.strings
2024-05-28 08:50:23 +0000  copying file ./RCTI18nStrings.bundle/pt.lproj/fbt_language_pack.bin ... 
2024-05-28 08:50:23 +0000  1356 bytes for ./RCTI18nStrings.bundle/pt.lproj/fbt_language_pack.bin
2024-05-28 08:50:23 +0000  copying file ./RCTI18nStrings.bundle/zu.lproj/Localizable.strings ... 
2024-05-28 08:50:23 +0000  64 bytes for ./RCTI18nStrings.bundle/zu.lproj/Localizable.strings
2024-05-28 08:50:23 +0000  copying file ./RCTI18nStrings.bundle/zu.lproj/fbt_language_pack.bin ... 
2024-05-28 08:50:23 +0000  2076 bytes for ./RCTI18nStrings.bundle/zu.lproj/fbt_language_pack.bin
2024-05-28 08:50:23 +0000  copying file ./RCTI18nStrings.bundle/pt-PT.lproj/Localizable.strings ... 
2024-05-28 08:50:23 +0000  64 bytes for ./RCTI18nStrings.bundle/pt-PT.lproj/Localizable.strings
2024-05-28 08:50:23 +0000  copying file ./RCTI18nStrings.bundle/pt-PT.lproj/fbt_language_pack.bin ... 
2024-05-28 08:50:23 +0000  1372 bytes for ./RCTI18nStrings.bundle/pt-PT.lproj/fbt_language_pack.bin
2024-05-28 08:50:23 +0000  copying file ./RCTI18nStrings.bundle/ro.lproj/Localizable.strings ... 
2024-05-28 08:50:23 +0000  64 bytes for ./RCTI18nStrings.bundle/ro.lproj/Localizable.strings
2024-05-28 08:50:23 +0000  copying file ./RCTI18nStrings.bundle/ro.lproj/fbt_language_pack.bin ... 
2024-05-28 08:50:23 +0000  1344 bytes for ./RCTI18nStrings.bundle/ro.lproj/fbt_language_pack.bin
2024-05-28 08:50:23 +0000  copying file ./RCTI18nStrings.bundle/Info.plist ... 
2024-05-28 08:50:23 +0000  774 bytes for ./RCTI18nStrings.bundle/Info.plist
2024-05-28 08:50:23 +0000  copying file ./RCTI18nStrings.bundle/hr.lproj/Localizable.strings ... 
2024-05-28 08:50:23 +0000  64 bytes for ./RCTI18nStrings.bundle/hr.lproj/Localizable.strings
2024-05-28 08:50:23 +0000  copying file ./RCTI18nStrings.bundle/hr.lproj/fbt_language_pack.bin ... 
2024-05-28 08:50:23 +0000  1352 bytes for ./RCTI18nStrings.bundle/hr.lproj/fbt_language_pack.bin
2024-05-28 08:50:23 +0000  copying file ./RCTI18nStrings.bundle/hi.lproj/Localizable.strings ... 
2024-05-28 08:50:23 +0000  64 bytes for ./RCTI18nStrings.bundle/hi.lproj/Localizable.strings
2024-05-28 08:50:23 +0000  copying file ./RCTI18nStrings.bundle/hi.lproj/fbt_language_pack.bin ... 
2024-05-28 08:50:23 +0000  1640 bytes for ./RCTI18nStrings.bundle/hi.lproj/fbt_language_pack.bin
2024-05-28 08:50:23 +0000  copying file ./LaunchScreen.storyboardc/01J-lp-oVM-view-Ze5-6b-2t3.nib ... 
2024-05-28 08:50:23 +0000  2098 bytes for ./LaunchScreen.storyboardc/01J-lp-oVM-view-Ze5-6b-2t3.nib
2024-05-28 08:50:23 +0000  copying file ./LaunchScreen.storyboardc/UIViewController-01J-lp-oVM.nib ... 
2024-05-28 08:50:23 +0000  924 bytes for ./LaunchScreen.storyboardc/UIViewController-01J-lp-oVM.nib
2024-05-28 08:50:23 +0000  copying file ./LaunchScreen.storyboardc/Info.plist ... 
2024-05-28 08:50:23 +0000  258 bytes for ./LaunchScreen.storyboardc/Info.plist
2024-05-28 08:50:23 +0000  copying file ./Poppins-Regular.ttf ... 
2024-05-28 08:50:23 +0000  158240 bytes for ./Poppins-Regular.ttf
2024-05-28 08:50:23 +0000  copying file ./Poppins-LightItalic.ttf ... 
2024-05-28 08:50:23 +0000  184460 bytes for ./Poppins-LightItalic.ttf
2024-05-28 08:50:23 +0000  copying file ./Poppins-Bold.ttf ... 
2024-05-28 08:50:23 +0000  153944 bytes for ./Poppins-Bold.ttf
2024-05-28 08:50:23 +0000  copying file ./Frameworks/hermes.framework/_CodeSignature/CodeResources ... 
2024-05-28 08:50:23 +0000  1798 bytes for ./Frameworks/hermes.framework/_CodeSignature/CodeResources
2024-05-28 08:50:23 +0000  copying file ./Frameworks/hermes.framework/hermes ... 
2024-05-28 08:50:23 +0000  4436912 bytes for ./Frameworks/hermes.framework/hermes
2024-05-28 08:50:23 +0000  copying file ./Frameworks/hermes.framework/Info.plist ... 
2024-05-28 08:50:23 +0000  815 bytes for ./Frameworks/hermes.framework/Info.plist
2024-05-28 08:50:23 +0000  copying file ./Poppins-Black.ttf ... 
2024-05-28 08:50:23 +0000  151396 bytes for ./Poppins-Black.ttf
2024-05-28 08:50:23 +0000  copying file ./embedded.mobileprovision ... 
2024-05-28 08:50:23 +0000  14502 bytes for ./embedded.mobileprovision
2024-05-28 08:50:23 +0000  copying file ./assets/app/src/assets/document.png ... 
2024-05-28 08:50:23 +0000  2354 bytes for ./assets/app/src/assets/document.png
2024-05-28 08:50:23 +0000  copying file ./assets/app/src/assets/note.png ... 
2024-05-28 08:50:23 +0000  2748 bytes for ./assets/app/src/assets/note.png
2024-05-28 08:50:23 +0000  copying file ./assets/app/src/assets/mail.png ... 
2024-05-28 08:50:23 +0000  517 bytes for ./assets/app/src/assets/mail.png
2024-05-28 08:50:23 +0000  copying file ./assets/app/src/assets/arrow-right.png ... 
2024-05-28 08:50:23 +0000  906 bytes for ./assets/app/src/assets/arrow-right.png
2024-05-28 08:50:23 +0000  copying file ./assets/app/src/assets/lock.png ... 
2024-05-28 08:50:23 +0000  351 bytes for ./assets/app/src/assets/lock.png
2024-05-28 08:50:23 +0000  copying file ./assets/app/src/assets/images/bottomTabBar/caseload_Black.png ... 
2024-05-28 08:50:23 +0000  1068 bytes for ./assets/app/src/assets/images/bottomTabBar/caseload_Black.png
2024-05-28 08:50:23 +0000  copying file ./assets/app/src/assets/images/bottomTabBar/Message_Black.png ... 
2024-05-28 08:50:23 +0000  665 bytes for ./assets/app/src/assets/images/bottomTabBar/Message_Black.png
2024-05-28 08:50:23 +0000  copying file ./assets/app/src/assets/images/bottomTabBar/volunteer_Black.png ... 
2024-05-28 08:50:23 +0000  1686 bytes for ./assets/app/src/assets/images/bottomTabBar/volunteer_Black.png
2024-05-28 08:50:23 +0000  copying file ./assets/app/src/assets/images/bottomTabBar/Message_Red.png ... 
2024-05-28 08:50:23 +0000  633 bytes for ./assets/app/src/assets/images/bottomTabBar/Message_Red.png
2024-05-28 08:50:23 +0000  copying file ./assets/app/src/assets/images/bottomTabBar/volunteer_Red.png ... 
2024-05-28 08:50:23 +0000  1519 bytes for ./assets/app/src/assets/images/bottomTabBar/volunteer_Red.png
2024-05-28 08:50:23 +0000  copying file ./assets/app/src/assets/images/bottomTabBar/caseload_Red.png ... 
2024-05-28 08:50:23 +0000  959 bytes for ./assets/app/src/assets/images/bottomTabBar/caseload_Red.png
2024-05-28 08:50:23 +0000  copying file ./assets/app/src/assets/images/participantImage/court.png ... 
2024-05-28 08:50:23 +0000  989 bytes for ./assets/app/src/assets/images/participantImage/court.png
copying file ./assets/app/src/assets/images/participantImage/department.png ... 
2024-05-28 08:50:23 +0000  1213 bytes for ./assets/app/src/assets/images/participantImage/department.png
2024-05-28 08:50:23 +0000  copying file ./assets/app/src/assets/images/participantImage/calendar.png ... 
2024-05-28 08:50:23 +0000  1255 bytes for ./assets/app/src/assets/images/participantImage/calendar.png
2024-05-28 08:50:23 +0000  copying file ./assets/app/src/assets/images/participantImage/profile.png ... 
2024-05-28 08:50:23 +0000  1666 bytes for ./assets/app/src/assets/images/participantImage/profile.png
2024-05-28 08:50:23 +0000  copying file ./assets/app/src/assets/images/participantImage/location.png ... 
2024-05-28 08:50:23 +0000  1721 bytes for ./assets/app/src/assets/images/participantImage/location.png
2024-05-28 08:50:23 +0000  copying file ./assets/app/src/assets/images/participantImage/language.png ... 
2024-05-28 08:50:23 +0000  1533 bytes for ./assets/app/src/assets/images/participantImage/language.png
2024-05-28 08:50:23 +0000  copying file ./assets/app/src/assets/images/participantImage/ethnicity.png ... 
2024-05-28 08:50:23 +0000  909 bytes for ./assets/app/src/assets/images/participantImage/ethnicity.png
2024-05-28 08:50:23 +0000  copying file ./assets/app/src/assets/images/participantImage/caseNumber.png ... 
2024-05-28 08:50:23 +0000  1025 bytes for ./assets/app/src/assets/images/participantImage/caseNumber.png
2024-05-28 08:50:23 +0000  copying file ./assets/app/src/assets/images/participantImage/gender.png ... 
2024-05-28 08:50:23 +0000  1976 bytes for ./assets/app/src/assets/images/participantImage/gender.png
2024-05-28 08:50:23 +0000  copying file ./assets/app/src/assets/images/generalImage/add.png ... 
2024-05-28 08:50:23 +0000  1425 bytes for ./assets/app/src/assets/images/generalImage/add.png
2024-05-28 08:50:23 +0000  copying file ./assets/app/src/assets/images/generalImage/arrowRightWhite.png ... 
2024-05-28 08:50:23 +0000  277 bytes for ./assets/app/src/assets/images/generalImage/arrowRightWhite.png
2024-05-28 08:50:23 +0000  copying file ./assets/app/src/assets/images/generalImage/arrowRightBGRed.png ... 
2024-05-28 08:50:23 +0000  2351 bytes for ./assets/app/src/assets/images/generalImage/arrowRightBGRed.png
2024-05-28 08:50:23 +0000  copying file ./assets/app/src/assets/images/generalImage/settingsLogout.png ... 
2024-05-28 08:50:23 +0000  1419 bytes for ./assets/app/src/assets/images/generalImage/settingsLogout.png
2024-05-28 08:50:23 +0000  copying file ./assets/app/src/assets/images/generalImage/arrowRightBlue.png ... 
2024-05-28 08:50:23 +0000  3912 bytes for ./assets/app/src/assets/images/generalImage/arrowRightBlue.png
2024-05-28 08:50:23 +0000  copying file ./assets/app/src/assets/images/generalImage/settingsLockIcon.png ... 
2024-05-28 08:50:23 +0000  1522 bytes for ./assets/app/src/assets/images/generalImage/settingsLockIcon.png
2024-05-28 08:50:23 +0000  copying file ./assets/app/src/assets/images/generalImage/volunteerProfile.png ... 
2024-05-28 08:50:23 +0000  760 bytes for ./assets/app/src/assets/images/generalImage/volunteerProfile.png
2024-05-28 08:50:23 +0000  copying file ./assets/app/src/assets/images/generalImage/settingsOnlineGreen.png ... 
2024-05-28 08:50:23 +0000  11452 bytes for ./assets/app/src/assets/images/generalImage/settingsOnlineGreen.png
2024-05-28 08:50:23 +0000  copying file ./assets/app/src/assets/images/generalImage/calendarGrey.png ... 
2024-05-28 08:50:23 +0000  2052 bytes for ./assets/app/src/assets/images/generalImage/calendarGrey.png
2024-05-28 08:50:23 +0000  copying file ./assets/app/src/assets/images/generalImage/editBlue.png ... 
2024-05-28 08:50:23 +0000  1928 bytes for ./assets/app/src/assets/images/generalImage/editBlue.png
copying file ./assets/app/src/assets/images/generalImage/settingsProfileIcon.png ... 
2024-05-28 08:50:23 +0000  1616 bytes for ./assets/app/src/assets/images/generalImage/settingsProfileIcon.png
2024-05-28 08:50:23 +0000  copying file ./assets/app/src/assets/images/generalImage/optionWhite.png ... 
2024-05-28 08:50:23 +0000  360 bytes for ./assets/app/src/assets/images/generalImage/optionWhite.png
2024-05-28 08:50:23 +0000  copying file ./assets/app/src/assets/images/generalImage/view.png ... 
2024-05-28 08:50:23 +0000  2967 bytes for ./assets/app/src/assets/images/generalImage/view.png
2024-05-28 08:50:23 +0000  copying file ./assets/app/src/assets/images/generalImage/arrowDownGrey.png ... 
2024-05-28 08:50:23 +0000  467 bytes for ./assets/app/src/assets/images/generalImage/arrowDownGrey.png
2024-05-28 08:50:23 +0000  copying file ./assets/app/src/assets/images/generalImage/userProfileIcon.png ... 
2024-05-28 08:50:23 +0000  26527 bytes for ./assets/app/src/assets/images/generalImage/userProfileIcon.png
2024-05-28 08:50:23 +0000  copying file ./assets/app/src/assets/images/generalImage/arrowBackBlack.png ... 
2024-05-28 08:50:23 +0000  352 bytes for ./assets/app/src/assets/images/generalImage/arrowBackBlack.png
2024-05-28 08:50:23 +0000  copying file ./assets/app/src/assets/datepick.png ... 
2024-05-28 08:50:23 +0000  2052 bytes for ./assets/app/src/assets/datepick.png
2024-05-28 08:50:23 +0000  copying file ./assets/app/src/assets/arrow.png ... 
2024-05-28 08:50:23 +0000  2351 bytes for ./assets/app/src/assets/arrow.png
2024-05-28 08:50:23 +0000  copying file ./assets/app/src/assets/contact.png ... 
2024-05-28 08:50:23 +0000  4758 bytes for ./assets/app/src/assets/contact.png
2024-05-28 08:50:23 +0000  copying file ./assets/app/src/assets/background.png ... 
2024-05-28 08:50:23 +0000  14440 bytes for ./assets/app/src/assets/background.png
2024-05-28 08:50:23 +0000  copying file ./assets/app/src/assets/logo.png ... 
2024-05-28 08:50:23 +0000  88515 bytes for ./assets/app/src/assets/logo.png
2024-05-28 08:50:23 +0000  copying file ./assets/app/src/assets/points.png ... 
2024-05-28 08:50:23 +0000  6822 bytes for ./assets/app/src/assets/points.png
2024-05-28 08:50:23 +0000  copying file ./assets/app/src/assets/eye.png ... 
2024-05-28 08:50:23 +0000  714 bytes for ./assets/app/src/assets/eye.png
2024-05-28 08:50:23 +0000  copying file ./assets/app/src/assets/LoginLandscapebg.png ... 
2024-05-28 08:50:23 +0000  133585 bytes for ./assets/app/src/assets/LoginLandscapebg.png
2024-05-28 08:50:23 +0000  copying file ./assets/app/src/assets/back.png ... 
2024-05-28 08:50:23 +0000  352 bytes for ./assets/app/src/assets/back.png
2024-05-28 08:50:23 +0000  copying file ./assets/app/src/assets/child.png ... 
2024-05-28 08:50:23 +0000  3961 bytes for ./assets/app/src/assets/child.png
2024-05-28 08:50:23 +0000  copying file ./assets/node_modules/@react-navigation/elements/src/assets/back-icon@3x.png ... 
2024-05-28 08:50:23 +0000  761 bytes for ./assets/node_modules/@react-navigation/elements/src/assets/back-icon@3x.png
2024-05-28 08:50:23 +0000  copying file ./assets/node_modules/@react-navigation/elements/src/assets/back-icon@2x.png ... 
2024-05-28 08:50:23 +0000  405 bytes for ./assets/node_modules/@react-navigation/elements/src/assets/back-icon@2x.png
2024-05-28 08:50:23 +0000  copying file ./assets/node_modules/@react-navigation/elements/src/assets/back-icon.png ... 
2024-05-28 08:50:23 +0000  290 bytes for ./assets/node_modules/@react-navigation/elements/src/assets/back-icon.png
2024-05-28 08:50:23 +0000  copying file ./assets/node_modules/@react-navigation/elements/src/assets/back-icon-mask.png ... 
2024-05-28 08:50:23 +0000  913 bytes for ./assets/node_modules/@react-navigation/elements/src/assets/back-icon-mask.png
2024-05-28 08:50:23 +0000  copying file ./assets/node_modules/react-native-element-dropdown/src/assets/down.png ... 
2024-05-28 08:50:23 +0000  186 bytes for ./assets/node_modules/react-native-element-dropdown/src/assets/down.png
2024-05-28 08:50:23 +0000  copying file ./assets/node_modules/react-native-element-dropdown/src/assets/close.png ... 
2024-05-28 08:50:23 +0000  208 bytes for ./assets/node_modules/react-native-element-dropdown/src/assets/close.png
2024-05-28 08:50:23 +0000  copying file ./Poppins-Thin.ttf ... 
2024-05-28 08:50:23 +0000  161652 bytes for ./Poppins-Thin.ttf
2024-05-28 08:50:23 +0000  copying file ./Poppins-SemiBold.ttf ... 
2024-05-28 08:50:23 +0000  155232 bytes for ./Poppins-SemiBold.ttf
2024-05-28 08:50:23 +0000  copying file ./Poppins-Italic.ttf ... 
2024-05-28 08:50:23 +0000  182012 bytes for ./Poppins-Italic.ttf
2024-05-28 08:50:23 +0000  copying file ./Info.plist ... 
2024-05-28 08:50:23 +0000  2120 bytes for ./Info.plist
2024-05-28 08:50:23 +0000  copying file ./RNCAsyncStorage_resources.bundle/PrivacyInfo.xcprivacy ... 
2024-05-28 08:50:23 +0000  512 bytes for ./RNCAsyncStorage_resources.bundle/PrivacyInfo.xcprivacy
2024-05-28 08:50:23 +0000  copying file ./RNCAsyncStorage_resources.bundle/Info.plist ... 
2024-05-28 08:50:23 +0000  797 bytes for ./RNCAsyncStorage_resources.bundle/Info.plist
2024-05-28 08:50:23 +0000  copying file ./PkgInfo ... 
2024-05-28 08:50:23 +0000  8 bytes for ./PkgInfo
2024-05-28 08:50:23 +0000  copying file ./Poppins-MediumItalic.ttf ... 
2024-05-28 08:50:23 +0000  180444 bytes for ./Poppins-MediumItalic.ttf
2024-05-28 08:50:23 +0000  /usr/bin/ditto exited with 0
2024-05-28 08:50:23 +0000  Processing step: IDEDistributionEmbedProfileStep
2024-05-28 08:50:23 +0000  Skipping profile for item: <IDEDistributionItem: 0x6000246d3b40; bundleID='dev.hermesengine.iphoneos', path='<DVTFilePath:0x600018b4f330:'/Users/suresh/Library/Developer/Xcode/Archives/2024-05-28/Casala 28-05-24, 2.18 PM.xcarchive/Products/Applications/Casala.app/Frameworks/hermes.framework'>', codeSigningInfo='<_DVTCodeSigningInformation_Path: 0x60001c45ba70; isSigned='1', isAdHocSigned='0', signingCertificate='<DVTSigningCertificate: 0x6000058827c0; name='Apple Development: Sasikala Kannan (6DNV2CPGK8)', hash='4885C0188F337EF61C19F2056DBE3D29FCFDF852', serialNumber='2E72126A1D58499DCFE0BBEBCED073B1', certificateKinds='(
    "1.2.840.113635.100.6.1.12",
    "1.2.840.113635.100.6.1.2"
), issueDate='2023-07-26 13:38:23 +0000''>', entitlements='(null)', teamID='PMSSN6Z88H', identifier='dev.hermesengine.iphoneos', executablePath='<DVTFilePath:0x6000246f92c0:'/Users/suresh/Library/Developer/Xcode/Archives/2024-05-28/Casala 28-05-24, 2.18 PM.xcarchive/Products/Applications/Casala.app/Frameworks/hermes.framework/hermes'>', hardenedRuntime='0'>'>
2024-05-28 08:50:23 +0000  Processing step: IDEDistributionInfoPlistStep
2024-05-28 08:50:23 +0000  Skipping step: IDEDistributionInfoPlistStep because it said so
2024-05-28 08:50:23 +0000  Skipping step: IDEDistributionInfoPlistStep because it said so
2024-05-28 08:50:23 +0000  Processing step: IDEDistributionAppThinningPlistStep
2024-05-28 08:50:23 +0000  Skipping step: IDEDistributionAppThinningPlistStep because it said so
2024-05-28 08:50:23 +0000  Processing step: IDEDistributionCompileBitcodeStep
2024-05-28 08:50:23 +0000  Skipping step: IDEDistributionCompileBitcodeStep because it said so
2024-05-28 08:50:23 +0000  Processing step: IDEDistributionCodeSlimmingStep
2024-05-28 08:50:23 +0000  Processing step: IDEDistributionCopyBCSymbolMapsStep
2024-05-28 08:50:23 +0000  Skipping step: IDEDistributionCopyBCSymbolMapsStep because it said so
2024-05-28 08:50:23 +0000  Skipping step: IDEDistributionCopyBCSymbolMapsStep because it said so
2024-05-28 08:50:23 +0000  Processing step: IDEDistributionSymbolsStep
2024-05-28 08:50:23 +0000  Skipping step: IDEDistributionSymbolsStep because it said so
2024-05-28 08:50:23 +0000  Skipping step: IDEDistributionSymbolsStep because it said so
2024-05-28 08:50:23 +0000  Processing step: IDEDistributionAppThinningStep
2024-05-28 08:50:23 +0000  Skipping step: IDEDistributionAppThinningStep because it said so
2024-05-28 08:50:23 +0000  Processing step: IDEDistributionArchThinningStep
2024-05-28 08:50:23 +0000  Running /Applications/Xcode.app/Contents/Developer/Toolchains/XcodeDefault.xctoolchain/usr/bin/lipo '/var/folders/3n/94j4hdz957z5955tz9n8ckhh0000gq/T/XcodeDistPipeline.~~~qEeJVW/Root/Payload/Casala.app/Frameworks/hermes.framework/hermes' '-verify_arch' 'arm64e'
2024-05-28 08:50:23 +0000  /Applications/Xcode.app/Contents/Developer/Toolchains/XcodeDefault.xctoolchain/usr/bin/lipo exited with 1
2024-05-28 08:50:23 +0000  Skipping architecture thinning for item "hermes" because arch "arm64e" wasn't found
2024-05-28 08:50:23 +0000  Running /Applications/Xcode.app/Contents/Developer/Toolchains/XcodeDefault.xctoolchain/usr/bin/lipo '/var/folders/3n/94j4hdz957z5955tz9n8ckhh0000gq/T/XcodeDistPipeline.~~~qEeJVW/Root/Payload/Casala.app/Casala' '-verify_arch' 'arm64e'
2024-05-28 08:50:23 +0000  /Applications/Xcode.app/Contents/Developer/Toolchains/XcodeDefault.xctoolchain/usr/bin/lipo exited with 1
2024-05-28 08:50:23 +0000  Skipping architecture thinning for item "Casala" because arch "arm64e" wasn't found
2024-05-28 08:50:23 +0000  Processing step: IDEDistributionODRStep
2024-05-28 08:50:23 +0000  Processing step: IDEDistributionStripXattrsStep
2024-05-28 08:50:23 +0000  Skipping stripping extended attributes of item: <IDEDistributionItem: 0x6000246d3b40; bundleID='dev.hermesengine.iphoneos', path='<DVTFilePath:0x600018b4f330:'/Users/suresh/Library/Developer/Xcode/Archives/2024-05-28/Casala 28-05-24, 2.18 PM.xcarchive/Products/Applications/Casala.app/Frameworks/hermes.framework'>', codeSigningInfo='<_DVTCodeSigningInformation_Path: 0x60001c45ba70; isSigned='1', isAdHocSigned='0', signingCertificate='<DVTSigningCertificate: 0x600009700fc0; name='Apple Development: Sasikala Kannan (6DNV2CPGK8)', hash='4885C0188F337EF61C19F2056DBE3D29FCFDF852', serialNumber='2E72126A1D58499DCFE0BBEBCED073B1', certificateKinds='(
    "1.2.840.113635.100.6.1.12",
    "1.2.840.113635.100.6.1.2"
), issueDate='2023-07-26 13:38:23 +0000''>', entitlements='(null)', teamID='PMSSN6Z88H', identifier='dev.hermesengine.iphoneos', executablePath='<DVTFilePath:0x6000246f92c0:'/Users/suresh/Library/Developer/Xcode/Archives/2024-05-28/Casala 28-05-24, 2.18 PM.xcarchive/Products/Applications/Casala.app/Frameworks/hermes.framework/hermes'>', hardenedRuntime='0'>'>
2024-05-28 08:50:23 +0000  Running /usr/bin/xattr '-crs' '/var/folders/3n/94j4hdz957z5955tz9n8ckhh0000gq/T/XcodeDistPipeline.~~~qEeJVW/Root/Payload/Casala.app'
2024-05-28 08:50:24 +0000  /usr/bin/xattr exited with 0
2024-05-28 08:50:24 +0000  Processing step: IDEDistributionCodesignStep
2024-05-28 08:50:24 +0000  Entitlements for <IDEDistributionItem: 0x6000246d3b40; bundleID='dev.hermesengine.iphoneos', path='<DVTFilePath:0x600018b4f330:'/Users/suresh/Library/Developer/Xcode/Archives/2024-05-28/Casala 28-05-24, 2.18 PM.xcarchive/Products/Applications/Casala.app/Frameworks/hermes.framework'>', codeSigningInfo='<_DVTCodeSigningInformation_Path: 0x60001c45ba70; isSigned='1', isAdHocSigned='0', signingCertificate='<DVTSigningCertificate: 0x600009789bc0; name='Apple Development: Sasikala Kannan (6DNV2CPGK8)', hash='4885C0188F337EF61C19F2056DBE3D29FCFDF852', serialNumber='2E72126A1D58499DCFE0BBEBCED073B1', certificateKinds='(
    "1.2.840.113635.100.6.1.12",
    "1.2.840.113635.100.6.1.2"
), issueDate='2023-07-26 13:38:23 +0000''>', entitlements='(null)', teamID='PMSSN6Z88H', identifier='dev.hermesengine.iphoneos', executablePath='<DVTFilePath:0x6000246f92c0:'/Users/suresh/Library/Developer/Xcode/Archives/2024-05-28/Casala 28-05-24, 2.18 PM.xcarchive/Products/Applications/Casala.app/Frameworks/hermes.framework/hermes'>', hardenedRuntime='0'>'>: {
}
2024-05-28 08:50:24 +0000  Associated App Clip Identifiers Filter: Skipping because "com.apple.developer.associated-appclip-app-identifiers" is not present
2024-05-28 08:50:24 +0000  Entitlements for <IDEDistributionItem: 0x6000246d3b40; bundleID='dev.hermesengine.iphoneos', path='<DVTFilePath:0x600018b4f330:'/Users/suresh/Library/Developer/Xcode/Archives/2024-05-28/Casala 28-05-24, 2.18 PM.xcarchive/Products/Applications/Casala.app/Frameworks/hermes.framework'>', codeSigningInfo='<_DVTCodeSigningInformation_Path: 0x60001c45ba70; isSigned='1', isAdHocSigned='0', signingCertificate='<DVTSigningCertificate: 0x600009700fc0; name='Apple Development: Sasikala Kannan (6DNV2CPGK8)', hash='4885C0188F337EF61C19F2056DBE3D29FCFDF852', serialNumber='2E72126A1D58499DCFE0BBEBCED073B1', certificateKinds='(
    "1.2.840.113635.100.6.1.12",
    "1.2.840.113635.100.6.1.2"
), issueDate='2023-07-26 13:38:23 +0000''>', entitlements='(null)', teamID='PMSSN6Z88H', identifier='dev.hermesengine.iphoneos', executablePath='<DVTFilePath:0x6000246f92c0:'/Users/suresh/Library/Developer/Xcode/Archives/2024-05-28/Casala 28-05-24, 2.18 PM.xcarchive/Products/Applications/Casala.app/Frameworks/hermes.framework/hermes'>', hardenedRuntime='0'>'> are: {
}
2024-05-28 08:50:24 +0000  Writing entitlements for <IDEDistributionItem: 0x6000246d3b40; bundleID='dev.hermesengine.iphoneos', path='<DVTFilePath:0x600018b4f330:'/Users/suresh/Library/Developer/Xcode/Archives/2024-05-28/Casala 28-05-24, 2.18 PM.xcarchive/Products/Applications/Casala.app/Frameworks/hermes.framework'>', codeSigningInfo='<_DVTCodeSigningInformation_Path: 0x60001c45ba70; isSigned='1', isAdHocSigned='0', signingCertificate='<DVTSigningCertificate: 0x6000058836c0; name='Apple Development: Sasikala Kannan (6DNV2CPGK8)', hash='4885C0188F337EF61C19F2056DBE3D29FCFDF852', serialNumber='2E72126A1D58499DCFE0BBEBCED073B1', certificateKinds='(
    "1.2.840.113635.100.6.1.12",
    "1.2.840.113635.100.6.1.2"
), issueDate='2023-07-26 13:38:23 +0000''>', entitlements='(null)', teamID='PMSSN6Z88H', identifier='dev.hermesengine.iphoneos', executablePath='<DVTFilePath:0x6000246f92c0:'/Users/suresh/Library/Developer/Xcode/Archives/2024-05-28/Casala 28-05-24, 2.18 PM.xcarchive/Products/Applications/Casala.app/Frameworks/hermes.framework/hermes'>', hardenedRuntime='0'>'> to: /var/folders/3n/94j4hdz957z5955tz9n8ckhh0000gq/T/XcodeDistPipeline.~~~qEeJVW/entitlements~~~MdW0Gr
2024-05-28 08:50:24 +0000  Running /usr/bin/codesign '-vvv' '--force' '--sign' '4885C0188F337EF61C19F2056DBE3D29FCFDF852' '--entitlements' '/var/folders/3n/94j4hdz957z5955tz9n8ckhh0000gq/T/XcodeDistPipeline.~~~qEeJVW/entitlements~~~MdW0Gr' '--generate-entitlement-der' '--preserve-metadata=identifier,flags,runtime' '/var/folders/3n/94j4hdz957z5955tz9n8ckhh0000gq/T/XcodeDistPipeline.~~~qEeJVW/Root/Payload/Casala.app/Frameworks/hermes.framework'
2024-05-28 08:50:24 +0000  /var/folders/3n/94j4hdz957z5955tz9n8ckhh0000gq/T/XcodeDistPipeline.~~~qEeJVW/Root/Payload/Casala.app/Frameworks/hermes.framework: replacing existing signature
2024-05-28 08:50:24 +0000  /var/folders/3n/94j4hdz957z5955tz9n8ckhh0000gq/T/XcodeDistPipeline.~~~qEeJVW/Root/Payload/Casala.app/Frameworks/hermes.framework: signed bundle with Mach-O thin (arm64) [dev.hermesengine.iphoneos]
2024-05-28 08:50:24 +0000  /usr/bin/codesign exited with 0
2024-05-28 08:50:24 +0000  Entitlements for <IDEDistributionItem: 0x60002473cfc0; bundleID='com.dnx.casa', path='<DVTFilePath:0x600018ad48c0:'/Users/suresh/Library/Developer/Xcode/Archives/2024-05-28/Casala 28-05-24, 2.18 PM.xcarchive/Products/Applications/Casala.app'>', codeSigningInfo='<_DVTCodeSigningInformation_Path: 0x60001c4b8b90; isSigned='1', isAdHocSigned='0', signingCertificate='<DVTSigningCertificate: 0x6000017a3540; name='Apple Development: Sasikala Kannan (6DNV2CPGK8)', hash='4885C0188F337EF61C19F2056DBE3D29FCFDF852', serialNumber='2E72126A1D58499DCFE0BBEBCED073B1', certificateKinds='(
    "1.2.840.113635.100.6.1.12",
    "1.2.840.113635.100.6.1.2"
), issueDate='2023-07-26 13:38:23 +0000''>', entitlements='{
    "application-identifier" = "PMSSN6Z88H.com.dnx.casa";
    "com.apple.developer.team-identifier" = PMSSN6Z88H;
    "get-task-allow" = 1;
}', teamID='PMSSN6Z88H', identifier='com.dnx.casa', executablePath='<DVTFilePath:0x6000246c5920:'/Users/suresh/Library/Developer/Xcode/Archives/2024-05-28/Casala 28-05-24, 2.18 PM.xcarchive/Products/Applications/Casala.app/Casala'>', hardenedRuntime='0'>'>: {
    "application-identifier" = "PMSSN6Z88H.com.dnx.casa";
    "com.apple.developer.team-identifier" = PMSSN6Z88H;
    "get-task-allow" = 1;
}
2024-05-28 08:50:24 +0000  Associated App Clip Identifiers Filter: Skipping because "com.apple.developer.associated-appclip-app-identifiers" is not present
2024-05-28 08:50:24 +0000  Entitlements for <IDEDistributionItem: 0x60002473cfc0; bundleID='com.dnx.casa', path='<DVTFilePath:0x600018ad48c0:'/Users/suresh/Library/Developer/Xcode/Archives/2024-05-28/Casala 28-05-24, 2.18 PM.xcarchive/Products/Applications/Casala.app'>', codeSigningInfo='<_DVTCodeSigningInformation_Path: 0x60001c4b8b90; isSigned='1', isAdHocSigned='0', signingCertificate='<DVTSigningCertificate: 0x600009703900; name='Apple Development: Sasikala Kannan (6DNV2CPGK8)', hash='4885C0188F337EF61C19F2056DBE3D29FCFDF852', serialNumber='2E72126A1D58499DCFE0BBEBCED073B1', certificateKinds='(
    "1.2.840.113635.100.6.1.12",
    "1.2.840.113635.100.6.1.2"
), issueDate='2023-07-26 13:38:23 +0000''>', entitlements='{
    "application-identifier" = "PMSSN6Z88H.com.dnx.casa";
    "com.apple.developer.team-identifier" = PMSSN6Z88H;
    "get-task-allow" = 1;
}', teamID='PMSSN6Z88H', identifier='com.dnx.casa', executablePath='<DVTFilePath:0x6000246c5920:'/Users/suresh/Library/Developer/Xcode/Archives/2024-05-28/Casala 28-05-24, 2.18 PM.xcarchive/Products/Applications/Casala.app/Casala'>', hardenedRuntime='0'>'> are: {
    "application-identifier" = "PMSSN6Z88H.com.dnx.casa";
    "com.apple.developer.team-identifier" = PMSSN6Z88H;
    "get-task-allow" = 1;
}
2024-05-28 08:50:24 +0000  Writing entitlements for <IDEDistributionItem: 0x60002473cfc0; bundleID='com.dnx.casa', path='<DVTFilePath:0x600018ad48c0:'/Users/suresh/Library/Developer/Xcode/Archives/2024-05-28/Casala 28-05-24, 2.18 PM.xcarchive/Products/Applications/Casala.app'>', codeSigningInfo='<_DVTCodeSigningInformation_Path: 0x60001c4b8b90; isSigned='1', isAdHocSigned='0', signingCertificate='<DVTSigningCertificate: 0x60000977b3c0; name='Apple Development: Sasikala Kannan (6DNV2CPGK8)', hash='4885C0188F337EF61C19F2056DBE3D29FCFDF852', serialNumber='2E72126A1D58499DCFE0BBEBCED073B1', certificateKinds='(
    "1.2.840.113635.100.6.1.12",
    "1.2.840.113635.100.6.1.2"
), issueDate='2023-07-26 13:38:23 +0000''>', entitlements='{
    "application-identifier" = "PMSSN6Z88H.com.dnx.casa";
    "com.apple.developer.team-identifier" = PMSSN6Z88H;
    "get-task-allow" = 1;
}', teamID='PMSSN6Z88H', identifier='com.dnx.casa', executablePath='<DVTFilePath:0x6000246c5920:'/Users/suresh/Library/Developer/Xcode/Archives/2024-05-28/Casala 28-05-24, 2.18 PM.xcarchive/Products/Applications/Casala.app/Casala'>', hardenedRuntime='0'>'> to: /var/folders/3n/94j4hdz957z5955tz9n8ckhh0000gq/T/XcodeDistPipeline.~~~qEeJVW/entitlements~~~i6GDVN
2024-05-28 08:50:24 +0000  Running /usr/bin/codesign '-vvv' '--force' '--sign' '4885C0188F337EF61C19F2056DBE3D29FCFDF852' '--entitlements' '/var/folders/3n/94j4hdz957z5955tz9n8ckhh0000gq/T/XcodeDistPipeline.~~~qEeJVW/entitlements~~~i6GDVN' '--generate-entitlement-der' '--preserve-metadata=identifier,flags,runtime' '/var/folders/3n/94j4hdz957z5955tz9n8ckhh0000gq/T/XcodeDistPipeline.~~~qEeJVW/Root/Payload/Casala.app'
2024-05-28 08:50:24 +0000  /var/folders/3n/94j4hdz957z5955tz9n8ckhh0000gq/T/XcodeDistPipeline.~~~qEeJVW/Root/Payload/Casala.app: replacing existing signature
2024-05-28 08:50:24 +0000  /var/folders/3n/94j4hdz957z5955tz9n8ckhh0000gq/T/XcodeDistPipeline.~~~qEeJVW/Root/Payload/Casala.app: signed app bundle with Mach-O thin (arm64) [com.dnx.casa]
2024-05-28 08:50:24 +0000  /usr/bin/codesign exited with 0
2024-05-28 08:50:24 +0000  Processing step: IDEDistributionZipODRItemStep
2024-05-28 08:50:24 +0000  Skipping step: IDEDistributionZipODRItemStep because it said so
2024-05-28 08:50:24 +0000  Skipping step: IDEDistributionZipODRItemStep because it said so
2024-05-28 08:50:24 +0000  Processing step: IDEDistributionCreateIPAStep
2024-05-28 08:50:24 +0000  Running /usr/bin/ditto '-V' '-c' '-k' '--norsrc' '/var/folders/3n/94j4hdz957z5955tz9n8ckhh0000gq/T/XcodeDistPipeline.~~~qEeJVW/Root' '/var/folders/3n/94j4hdz957z5955tz9n8ckhh0000gq/T/XcodeDistPipeline.~~~qEeJVW/Packages/Casala.ipa'
2024-05-28 08:50:24 +0000  >>> Copying /var/folders/3n/94j4hdz957z5955tz9n8ckhh0000gq/T/XcodeDistPipeline.~~~qEeJVW/Root 
2024-05-28 08:50:24 +0000  copying file ./Payload/Casala.app/_CodeSignature/CodeResources ... 
2024-05-28 08:50:24 +0000  53816 bytes for ./Payload/Casala.app/_CodeSignature/CodeResources
2024-05-28 08:50:24 +0000  copying file ./Payload/Casala.app/Poppins-ExtraLight.ttf ... 
2024-05-28 08:50:24 +0000  161456 bytes for ./Payload/Casala.app/Poppins-ExtraLight.ttf
2024-05-28 08:50:24 +0000  copying file ./Payload/Casala.app/Poppins-ThinItalic.ttf ... 
2024-05-28 08:50:24 +0000  187044 bytes for ./Payload/Casala.app/Poppins-ThinItalic.ttf
2024-05-28 08:50:24 +0000  copying file ./Payload/Casala.app/Poppins-ExtraLightItalic.ttf ... 
2024-05-28 08:50:24 +0000  186168 bytes for ./Payload/Casala.app/Poppins-ExtraLightItalic.ttf
2024-05-28 08:50:24 +0000  copying file ./Payload/Casala.app/Poppins-BoldItalic.ttf ... 
2024-05-28 08:50:24 +0000  176588 bytes for ./Payload/Casala.app/Poppins-BoldItalic.ttf
2024-05-28 08:50:24 +0000  copying file ./Payload/Casala.app/Poppins-Light.ttf ... 
2024-05-28 08:50:24 +0000  159892 bytes for ./Payload/Casala.app/Poppins-Light.ttf
copying file ./Payload/Casala.app/Casala ... 
2024-05-28 08:50:24 +0000  4957776 bytes for ./Payload/Casala.app/Casala
copying file ./Payload/Casala.app/Poppins-Medium.ttf ... 
2024-05-28 08:50:24 +0000  156520 bytes for ./Payload/Casala.app/Poppins-Medium.ttf
copying file ./Payload/Casala.app/AppIcon60x60@2x.png ... 
2024-05-28 08:50:24 +0000  9949 bytes for ./Payload/Casala.app/AppIcon60x60@2x.png
copying file ./Payload/Casala.app/Poppins-SemiBoldItalic.ttf ... 
2024-05-28 08:50:24 +0000  178584 bytes for ./Payload/Casala.app/Poppins-SemiBoldItalic.ttf
copying file ./Payload/Casala.app/Poppins-ExtraBoldItalic.ttf ... 
2024-05-28 08:50:24 +0000  173916 bytes for ./Payload/Casala.app/Poppins-ExtraBoldItalic.ttf
copying file ./Payload/Casala.app/Poppins-ExtraBold.ttf ... 
2024-05-28 08:50:24 +0000  152764 bytes for ./Payload/Casala.app/Poppins-ExtraBold.ttf
copying file ./Payload/Casala.app/Assets.car ... 
2024-05-28 08:50:24 +0000  297983 bytes for ./Payload/Casala.app/Assets.car
copying file ./Payload/Casala.app/AppIcon76x76@2x~ipad.png ... 
2024-05-28 08:50:24 +0000  13339 bytes for ./Payload/Casala.app/AppIcon76x76@2x~ipad.png
copying file ./Payload/Casala.app/Poppins-BlackItalic.ttf ... 
2024-05-28 08:50:24 +0000  171604 bytes for ./Payload/Casala.app/Poppins-BlackItalic.ttf
copying file ./Payload/Casala.app/main.jsbundle ... 
2024-05-28 08:50:24 +0000  3312787 bytes for ./Payload/Casala.app/main.jsbundle
2024-05-28 08:50:24 +0000  copying file ./Payload/Casala.app/RCTI18nStrings.bundle/de.lproj/Localizable.strings ... 
2024-05-28 08:50:24 +0000  64 bytes for ./Payload/Casala.app/RCTI18nStrings.bundle/de.lproj/Localizable.strings
copying file ./Payload/Casala.app/RCTI18nStrings.bundle/de.lproj/fbt_language_pack.bin ... 
2024-05-28 08:50:24 +0000  1312 bytes for ./Payload/Casala.app/RCTI18nStrings.bundle/de.lproj/fbt_language_pack.bin
2024-05-28 08:50:24 +0000  copying file ./Payload/Casala.app/RCTI18nStrings.bundle/he.lproj/Localizable.strings ... 
2024-05-28 08:50:24 +0000  64 bytes for ./Payload/Casala.app/RCTI18nStrings.bundle/he.lproj/Localizable.strings
2024-05-28 08:50:24 +0000  copying file ./Payload/Casala.app/RCTI18nStrings.bundle/he.lproj/fbt_language_pack.bin ... 
2024-05-28 08:50:24 +0000  1444 bytes for ./Payload/Casala.app/RCTI18nStrings.bundle/he.lproj/fbt_language_pack.bin
2024-05-28 08:50:24 +0000  copying file ./Payload/Casala.app/RCTI18nStrings.bundle/ar.lproj/Localizable.strings ... 
2024-05-28 08:50:24 +0000  64 bytes for ./Payload/Casala.app/RCTI18nStrings.bundle/ar.lproj/Localizable.strings
2024-05-28 08:50:24 +0000  copying file ./Payload/Casala.app/RCTI18nStrings.bundle/ar.lproj/fbt_language_pack.bin ... 
2024-05-28 08:50:24 +0000  1500 bytes for ./Payload/Casala.app/RCTI18nStrings.bundle/ar.lproj/fbt_language_pack.bin
2024-05-28 08:50:24 +0000  copying file ./Payload/Casala.app/RCTI18nStrings.bundle/el.lproj/Localizable.strings ... 
2024-05-28 08:50:24 +0000  64 bytes for ./Payload/Casala.app/RCTI18nStrings.bundle/el.lproj/Localizable.strings
2024-05-28 08:50:24 +0000  copying file ./Payload/Casala.app/RCTI18nStrings.bundle/el.lproj/fbt_language_pack.bin ... 
2024-05-28 08:50:24 +0000  1600 bytes for ./Payload/Casala.app/RCTI18nStrings.bundle/el.lproj/fbt_language_pack.bin
2024-05-28 08:50:24 +0000  copying file ./Payload/Casala.app/RCTI18nStrings.bundle/zh-Hans.lproj/Localizable.strings ... 
2024-05-28 08:50:24 +0000  64 bytes for ./Payload/Casala.app/RCTI18nStrings.bundle/zh-Hans.lproj/Localizable.strings
2024-05-28 08:50:24 +0000  copying file ./Payload/Casala.app/RCTI18nStrings.bundle/zh-Hans.lproj/fbt_language_pack.bin ... 
2024-05-28 08:50:24 +0000  1296 bytes for ./Payload/Casala.app/RCTI18nStrings.bundle/zh-Hans.lproj/fbt_language_pack.bin
2024-05-28 08:50:24 +0000  copying file ./Payload/Casala.app/RCTI18nStrings.bundle/ja.lproj/Localizable.strings ... 
2024-05-28 08:50:24 +0000  64 bytes for ./Payload/Casala.app/RCTI18nStrings.bundle/ja.lproj/Localizable.strings
2024-05-28 08:50:24 +0000  copying file ./Payload/Casala.app/RCTI18nStrings.bundle/ja.lproj/fbt_language_pack.bin ... 
2024-05-28 08:50:24 +0000  1436 bytes for ./Payload/Casala.app/RCTI18nStrings.bundle/ja.lproj/fbt_language_pack.bin
2024-05-28 08:50:24 +0000  copying file ./Payload/Casala.app/RCTI18nStrings.bundle/en.lproj/Localizable.strings ... 
2024-05-28 08:50:24 +0000  64 bytes for ./Payload/Casala.app/RCTI18nStrings.bundle/en.lproj/Localizable.strings
2024-05-28 08:50:24 +0000  copying file ./Payload/Casala.app/RCTI18nStrings.bundle/zh-Hant-HK.lproj/Localizable.strings ... 
2024-05-28 08:50:24 +0000  64 bytes for ./Payload/Casala.app/RCTI18nStrings.bundle/zh-Hant-HK.lproj/Localizable.strings
2024-05-28 08:50:24 +0000  copying file ./Payload/Casala.app/RCTI18nStrings.bundle/zh-Hant-HK.lproj/fbt_language_pack.bin ... 
2024-05-28 08:50:24 +0000  1296 bytes for ./Payload/Casala.app/RCTI18nStrings.bundle/zh-Hant-HK.lproj/fbt_language_pack.bin
2024-05-28 08:50:24 +0000  copying file ./Payload/Casala.app/RCTI18nStrings.bundle/uk.lproj/Localizable.strings ... 
2024-05-28 08:50:24 +0000  64 bytes for ./Payload/Casala.app/RCTI18nStrings.bundle/uk.lproj/Localizable.strings
2024-05-28 08:50:24 +0000  copying file ./Payload/Casala.app/RCTI18nStrings.bundle/uk.lproj/fbt_language_pack.bin ... 
2024-05-28 08:50:24 +0000  1564 bytes for ./Payload/Casala.app/RCTI18nStrings.bundle/uk.lproj/fbt_language_pack.bin
2024-05-28 08:50:24 +0000  copying file ./Payload/Casala.app/RCTI18nStrings.bundle/nb.lproj/Localizable.strings ... 
2024-05-28 08:50:24 +0000  64 bytes for ./Payload/Casala.app/RCTI18nStrings.bundle/nb.lproj/Localizable.strings
2024-05-28 08:50:24 +0000  copying file ./Payload/Casala.app/RCTI18nStrings.bundle/nb.lproj/fbt_language_pack.bin ... 
2024-05-28 08:50:24 +0000  1296 bytes for ./Payload/Casala.app/RCTI18nStrings.bundle/nb.lproj/fbt_language_pack.bin
2024-05-28 08:50:24 +0000  copying file ./Payload/Casala.app/RCTI18nStrings.bundle/en-GB.lproj/Localizable.strings ... 
2024-05-28 08:50:24 +0000  64 bytes for ./Payload/Casala.app/RCTI18nStrings.bundle/en-GB.lproj/Localizable.strings
2024-05-28 08:50:24 +0000  copying file ./Payload/Casala.app/RCTI18nStrings.bundle/en-GB.lproj/fbt_language_pack.bin ... 
2024-05-28 08:50:24 +0000  1268 bytes for ./Payload/Casala.app/RCTI18nStrings.bundle/en-GB.lproj/fbt_language_pack.bin
2024-05-28 08:50:24 +0000  copying file ./Payload/Casala.app/RCTI18nStrings.bundle/es.lproj/Localizable.strings ... 
2024-05-28 08:50:24 +0000  64 bytes for ./Payload/Casala.app/RCTI18nStrings.bundle/es.lproj/Localizable.strings
2024-05-28 08:50:24 +0000  copying file ./Payload/Casala.app/RCTI18nStrings.bundle/es.lproj/fbt_language_pack.bin ... 
2024-05-28 08:50:24 +0000  1364 bytes for ./Payload/Casala.app/RCTI18nStrings.bundle/es.lproj/fbt_language_pack.bin
2024-05-28 08:50:24 +0000  copying file ./Payload/Casala.app/RCTI18nStrings.bundle/da.lproj/Localizable.strings ... 
2024-05-28 08:50:24 +0000  64 bytes for ./Payload/Casala.app/RCTI18nStrings.bundle/da.lproj/Localizable.strings
2024-05-28 08:50:24 +0000  copying file ./Payload/Casala.app/RCTI18nStrings.bundle/da.lproj/fbt_language_pack.bin ... 
2024-05-28 08:50:24 +0000  1300 bytes for ./Payload/Casala.app/RCTI18nStrings.bundle/da.lproj/fbt_language_pack.bin
2024-05-28 08:50:24 +0000  copying file ./Payload/Casala.app/RCTI18nStrings.bundle/it.lproj/Localizable.strings ... 
2024-05-28 08:50:24 +0000  64 bytes for ./Payload/Casala.app/RCTI18nStrings.bundle/it.lproj/Localizable.strings
2024-05-28 08:50:24 +0000  copying file ./Payload/Casala.app/RCTI18nStrings.bundle/it.lproj/fbt_language_pack.bin ... 
2024-05-28 08:50:24 +0000  1388 bytes for ./Payload/Casala.app/RCTI18nStrings.bundle/it.lproj/fbt_language_pack.bin
2024-05-28 08:50:24 +0000  copying file ./Payload/Casala.app/RCTI18nStrings.bundle/sk.lproj/Localizable.strings ... 
2024-05-28 08:50:24 +0000  64 bytes for ./Payload/Casala.app/RCTI18nStrings.bundle/sk.lproj/Localizable.strings
2024-05-28 08:50:24 +0000  copying file ./Payload/Casala.app/RCTI18nStrings.bundle/sk.lproj/fbt_language_pack.bin ... 
2024-05-28 08:50:24 +0000  1356 bytes for ./Payload/Casala.app/RCTI18nStrings.bundle/sk.lproj/fbt_language_pack.bin
2024-05-28 08:50:24 +0000  copying file ./Payload/Casala.app/RCTI18nStrings.bundle/es-ES.lproj/Localizable.strings ... 
2024-05-28 08:50:24 +0000  64 bytes for ./Payload/Casala.app/RCTI18nStrings.bundle/es-ES.lproj/Localizable.strings
2024-05-28 08:50:24 +0000  copying file ./Payload/Casala.app/RCTI18nStrings.bundle/es-ES.lproj/fbt_language_pack.bin ... 
2024-05-28 08:50:24 +0000  1368 bytes for ./Payload/Casala.app/RCTI18nStrings.bundle/es-ES.lproj/fbt_language_pack.bin
2024-05-28 08:50:24 +0000  copying file ./Payload/Casala.app/RCTI18nStrings.bundle/ms.lproj/Localizable.strings ... 
2024-05-28 08:50:24 +0000  64 bytes for ./Payload/Casala.app/RCTI18nStrings.bundle/ms.lproj/Localizable.strings
2024-05-28 08:50:24 +0000  copying file ./Payload/Casala.app/RCTI18nStrings.bundle/ms.lproj/fbt_language_pack.bin ... 
2024-05-28 08:50:24 +0000  1292 bytes for ./Payload/Casala.app/RCTI18nStrings.bundle/ms.lproj/fbt_language_pack.bin
2024-05-28 08:50:24 +0000  copying file ./Payload/Casala.app/RCTI18nStrings.bundle/sv.lproj/Localizable.strings ... 
2024-05-28 08:50:24 +0000  64 bytes for ./Payload/Casala.app/RCTI18nStrings.bundle/sv.lproj/Localizable.strings
2024-05-28 08:50:24 +0000  copying file ./Payload/Casala.app/RCTI18nStrings.bundle/sv.lproj/fbt_language_pack.bin ... 
2024-05-28 08:50:24 +0000  1300 bytes for ./Payload/Casala.app/RCTI18nStrings.bundle/sv.lproj/fbt_language_pack.bin
2024-05-28 08:50:24 +0000  copying file ./Payload/Casala.app/RCTI18nStrings.bundle/cs.lproj/Localizable.strings ... 
2024-05-28 08:50:24 +0000  64 bytes for ./Payload/Casala.app/RCTI18nStrings.bundle/cs.lproj/Localizable.strings
2024-05-28 08:50:24 +0000  copying file ./Payload/Casala.app/RCTI18nStrings.bundle/cs.lproj/fbt_language_pack.bin ... 
2024-05-28 08:50:24 +0000  1368 bytes for ./Payload/Casala.app/RCTI18nStrings.bundle/cs.lproj/fbt_language_pack.bin
2024-05-28 08:50:24 +0000  copying file ./Payload/Casala.app/RCTI18nStrings.bundle/ko.lproj/Localizable.strings ... 
2024-05-28 08:50:24 +0000  64 bytes for ./Payload/Casala.app/RCTI18nStrings.bundle/ko.lproj/Localizable.strings
2024-05-28 08:50:24 +0000  copying file ./Payload/Casala.app/RCTI18nStrings.bundle/ko.lproj/fbt_language_pack.bin ... 
2024-05-28 08:50:24 +0000  1332 bytes for ./Payload/Casala.app/RCTI18nStrings.bundle/ko.lproj/fbt_language_pack.bin
2024-05-28 08:50:24 +0000  copying file ./Payload/Casala.app/RCTI18nStrings.bundle/zh-Hant.lproj/Localizable.strings ... 
2024-05-28 08:50:24 +0000  64 bytes for ./Payload/Casala.app/RCTI18nStrings.bundle/zh-Hant.lproj/Localizable.strings
2024-05-28 08:50:24 +0000  copying file ./Payload/Casala.app/RCTI18nStrings.bundle/zh-Hant.lproj/fbt_language_pack.bin ... 
2024-05-28 08:50:24 +0000  1308 bytes for ./Payload/Casala.app/RCTI18nStrings.bundle/zh-Hant.lproj/fbt_language_pack.bin
2024-05-28 08:50:24 +0000  copying file ./Payload/Casala.app/RCTI18nStrings.bundle/hu.lproj/Localizable.strings ... 
2024-05-28 08:50:24 +0000  64 bytes for ./Payload/Casala.app/RCTI18nStrings.bundle/hu.lproj/Localizable.strings
2024-05-28 08:50:24 +0000  copying file ./Payload/Casala.app/RCTI18nStrings.bundle/hu.lproj/fbt_language_pack.bin ... 
2024-05-28 08:50:24 +0000  1348 bytes for ./Payload/Casala.app/RCTI18nStrings.bundle/hu.lproj/fbt_language_pack.bin
2024-05-28 08:50:24 +0000  copying file ./Payload/Casala.app/RCTI18nStrings.bundle/tr.lproj/Localizable.strings ... 
2024-05-28 08:50:24 +0000  64 bytes for ./Payload/Casala.app/RCTI18nStrings.bundle/tr.lproj/Localizable.strings
2024-05-28 08:50:24 +0000  copying file ./Payload/Casala.app/RCTI18nStrings.bundle/tr.lproj/fbt_language_pack.bin ... 
2024-05-28 08:50:24 +0000  1360 bytes for ./Payload/Casala.app/RCTI18nStrings.bundle/tr.lproj/fbt_language_pack.bin
2024-05-28 08:50:24 +0000  copying file ./Payload/Casala.app/RCTI18nStrings.bundle/pl.lproj/Localizable.strings ... 
2024-05-28 08:50:24 +0000  64 bytes for ./Payload/Casala.app/RCTI18nStrings.bundle/pl.lproj/Localizable.strings
2024-05-28 08:50:24 +0000  copying file ./Payload/Casala.app/RCTI18nStrings.bundle/pl.lproj/fbt_language_pack.bin ... 
2024-05-28 08:50:24 +0000  1340 bytes for ./Payload/Casala.app/RCTI18nStrings.bundle/pl.lproj/fbt_language_pack.bin
2024-05-28 08:50:24 +0000  copying file ./Payload/Casala.app/RCTI18nStrings.bundle/vi.lproj/Localizable.strings ... 
2024-05-28 08:50:24 +0000  64 bytes for ./Payload/Casala.app/RCTI18nStrings.bundle/vi.lproj/Localizable.strings
2024-05-28 08:50:24 +0000  copying file ./Payload/Casala.app/RCTI18nStrings.bundle/vi.lproj/fbt_language_pack.bin ... 
2024-05-28 08:50:24 +0000  1352 bytes for ./Payload/Casala.app/RCTI18nStrings.bundle/vi.lproj/fbt_language_pack.bin
2024-05-28 08:50:24 +0000  copying file ./Payload/Casala.app/RCTI18nStrings.bundle/ru.lproj/Localizable.strings ... 
2024-05-28 08:50:24 +0000  64 bytes for ./Payload/Casala.app/RCTI18nStrings.bundle/ru.lproj/Localizable.strings
2024-05-28 08:50:24 +0000  copying file ./Payload/Casala.app/RCTI18nStrings.bundle/ru.lproj/fbt_language_pack.bin ... 
2024-05-28 08:50:24 +0000  1576 bytes for ./Payload/Casala.app/RCTI18nStrings.bundle/ru.lproj/fbt_language_pack.bin
2024-05-28 08:50:24 +0000  copying file ./Payload/Casala.app/RCTI18nStrings.bundle/fr.lproj/Localizable.strings ... 
2024-05-28 08:50:24 +0000  64 bytes for ./Payload/Casala.app/RCTI18nStrings.bundle/fr.lproj/Localizable.strings
2024-05-28 08:50:24 +0000  copying file ./Payload/Casala.app/RCTI18nStrings.bundle/fr.lproj/fbt_language_pack.bin ... 
2024-05-28 08:50:24 +0000  1360 bytes for ./Payload/Casala.app/RCTI18nStrings.bundle/fr.lproj/fbt_language_pack.bin
2024-05-28 08:50:24 +0000  copying file ./Payload/Casala.app/RCTI18nStrings.bundle/fi.lproj/Localizable.strings ... 
2024-05-28 08:50:24 +0000  64 bytes for ./Payload/Casala.app/RCTI18nStrings.bundle/fi.lproj/Localizable.strings
2024-05-28 08:50:24 +0000  copying file ./Payload/Casala.app/RCTI18nStrings.bundle/fi.lproj/fbt_language_pack.bin ... 
2024-05-28 08:50:24 +0000  1340 bytes for ./Payload/Casala.app/RCTI18nStrings.bundle/fi.lproj/fbt_language_pack.bin
2024-05-28 08:50:24 +0000  copying file ./Payload/Casala.app/RCTI18nStrings.bundle/id.lproj/Localizable.strings ... 
2024-05-28 08:50:24 +0000  64 bytes for ./Payload/Casala.app/RCTI18nStrings.bundle/id.lproj/Localizable.strings
2024-05-28 08:50:24 +0000  copying file ./Payload/Casala.app/RCTI18nStrings.bundle/id.lproj/fbt_language_pack.bin ... 
2024-05-28 08:50:24 +0000  1300 bytes for ./Payload/Casala.app/RCTI18nStrings.bundle/id.lproj/fbt_language_pack.bin
2024-05-28 08:50:24 +0000  copying file ./Payload/Casala.app/RCTI18nStrings.bundle/nl.lproj/Localizable.strings ... 
2024-05-28 08:50:24 +0000  64 bytes for ./Payload/Casala.app/RCTI18nStrings.bundle/nl.lproj/Localizable.strings
2024-05-28 08:50:24 +0000  copying file ./Payload/Casala.app/RCTI18nStrings.bundle/nl.lproj/fbt_language_pack.bin ... 
2024-05-28 08:50:24 +0000  1324 bytes for ./Payload/Casala.app/RCTI18nStrings.bundle/nl.lproj/fbt_language_pack.bin
2024-05-28 08:50:24 +0000  copying file ./Payload/Casala.app/RCTI18nStrings.bundle/th.lproj/Localizable.strings ... 
2024-05-28 08:50:24 +0000  64 bytes for ./Payload/Casala.app/RCTI18nStrings.bundle/th.lproj/Localizable.strings
2024-05-28 08:50:24 +0000  copying file ./Payload/Casala.app/RCTI18nStrings.bundle/th.lproj/fbt_language_pack.bin ... 
2024-05-28 08:50:24 +0000  1784 bytes for ./Payload/Casala.app/RCTI18nStrings.bundle/th.lproj/fbt_language_pack.bin
2024-05-28 08:50:24 +0000  copying file ./Payload/Casala.app/RCTI18nStrings.bundle/pt.lproj/Localizable.strings ... 
2024-05-28 08:50:24 +0000  64 bytes for ./Payload/Casala.app/RCTI18nStrings.bundle/pt.lproj/Localizable.strings
2024-05-28 08:50:24 +0000  copying file ./Payload/Casala.app/RCTI18nStrings.bundle/pt.lproj/fbt_language_pack.bin ... 
2024-05-28 08:50:24 +0000  1356 bytes for ./Payload/Casala.app/RCTI18nStrings.bundle/pt.lproj/fbt_language_pack.bin
2024-05-28 08:50:24 +0000  copying file ./Payload/Casala.app/RCTI18nStrings.bundle/zu.lproj/Localizable.strings ... 
2024-05-28 08:50:24 +0000  64 bytes for ./Payload/Casala.app/RCTI18nStrings.bundle/zu.lproj/Localizable.strings
2024-05-28 08:50:24 +0000  copying file ./Payload/Casala.app/RCTI18nStrings.bundle/zu.lproj/fbt_language_pack.bin ... 
2024-05-28 08:50:24 +0000  2076 bytes for ./Payload/Casala.app/RCTI18nStrings.bundle/zu.lproj/fbt_language_pack.bin
2024-05-28 08:50:24 +0000  copying file ./Payload/Casala.app/RCTI18nStrings.bundle/pt-PT.lproj/Localizable.strings ... 
2024-05-28 08:50:24 +0000  64 bytes for ./Payload/Casala.app/RCTI18nStrings.bundle/pt-PT.lproj/Localizable.strings
2024-05-28 08:50:24 +0000  copying file ./Payload/Casala.app/RCTI18nStrings.bundle/pt-PT.lproj/fbt_language_pack.bin ... 
2024-05-28 08:50:24 +0000  1372 bytes for ./Payload/Casala.app/RCTI18nStrings.bundle/pt-PT.lproj/fbt_language_pack.bin
2024-05-28 08:50:24 +0000  copying file ./Payload/Casala.app/RCTI18nStrings.bundle/ro.lproj/Localizable.strings ... 
2024-05-28 08:50:24 +0000  64 bytes for ./Payload/Casala.app/RCTI18nStrings.bundle/ro.lproj/Localizable.strings
2024-05-28 08:50:24 +0000  copying file ./Payload/Casala.app/RCTI18nStrings.bundle/ro.lproj/fbt_language_pack.bin ... 
2024-05-28 08:50:24 +0000  1344 bytes for ./Payload/Casala.app/RCTI18nStrings.bundle/ro.lproj/fbt_language_pack.bin
2024-05-28 08:50:24 +0000  copying file ./Payload/Casala.app/RCTI18nStrings.bundle/Info.plist ... 
2024-05-28 08:50:24 +0000  774 bytes for ./Payload/Casala.app/RCTI18nStrings.bundle/Info.plist
2024-05-28 08:50:24 +0000  copying file ./Payload/Casala.app/RCTI18nStrings.bundle/hr.lproj/Localizable.strings ... 
2024-05-28 08:50:24 +0000  64 bytes for ./Payload/Casala.app/RCTI18nStrings.bundle/hr.lproj/Localizable.strings
2024-05-28 08:50:24 +0000  copying file ./Payload/Casala.app/RCTI18nStrings.bundle/hr.lproj/fbt_language_pack.bin ... 
2024-05-28 08:50:24 +0000  1352 bytes for ./Payload/Casala.app/RCTI18nStrings.bundle/hr.lproj/fbt_language_pack.bin
2024-05-28 08:50:24 +0000  copying file ./Payload/Casala.app/RCTI18nStrings.bundle/hi.lproj/Localizable.strings ... 
2024-05-28 08:50:24 +0000  64 bytes for ./Payload/Casala.app/RCTI18nStrings.bundle/hi.lproj/Localizable.strings
2024-05-28 08:50:24 +0000  copying file ./Payload/Casala.app/RCTI18nStrings.bundle/hi.lproj/fbt_language_pack.bin ... 
2024-05-28 08:50:24 +0000  1640 bytes for ./Payload/Casala.app/RCTI18nStrings.bundle/hi.lproj/fbt_language_pack.bin
2024-05-28 08:50:24 +0000  copying file ./Payload/Casala.app/LaunchScreen.storyboardc/01J-lp-oVM-view-Ze5-6b-2t3.nib ... 
2024-05-28 08:50:24 +0000  2098 bytes for ./Payload/Casala.app/LaunchScreen.storyboardc/01J-lp-oVM-view-Ze5-6b-2t3.nib
2024-05-28 08:50:24 +0000  copying file ./Payload/Casala.app/LaunchScreen.storyboardc/UIViewController-01J-lp-oVM.nib ... 
2024-05-28 08:50:24 +0000  924 bytes for ./Payload/Casala.app/LaunchScreen.storyboardc/UIViewController-01J-lp-oVM.nib
2024-05-28 08:50:24 +0000  copying file ./Payload/Casala.app/LaunchScreen.storyboardc/Info.plist ... 
2024-05-28 08:50:24 +0000  258 bytes for ./Payload/Casala.app/LaunchScreen.storyboardc/Info.plist
2024-05-28 08:50:24 +0000  copying file ./Payload/Casala.app/Poppins-Regular.ttf ... 
2024-05-28 08:50:24 +0000  158240 bytes for ./Payload/Casala.app/Poppins-Regular.ttf
copying file ./Payload/Casala.app/Poppins-LightItalic.ttf ... 
2024-05-28 08:50:24 +0000  184460 bytes for ./Payload/Casala.app/Poppins-LightItalic.ttf
copying file ./Payload/Casala.app/Poppins-Bold.ttf ... 
2024-05-28 08:50:24 +0000  153944 bytes for ./Payload/Casala.app/Poppins-Bold.ttf
2024-05-28 08:50:24 +0000  copying file ./Payload/Casala.app/Frameworks/hermes.framework/_CodeSignature/CodeResources ... 
2024-05-28 08:50:24 +0000  1798 bytes for ./Payload/Casala.app/Frameworks/hermes.framework/_CodeSignature/CodeResources
2024-05-28 08:50:24 +0000  copying file ./Payload/Casala.app/Frameworks/hermes.framework/hermes ... 
2024-05-28 08:50:24 +0000  4437168 bytes for ./Payload/Casala.app/Frameworks/hermes.framework/hermes
copying file ./Payload/Casala.app/Frameworks/hermes.framework/Info.plist ... 
2024-05-28 08:50:24 +0000  815 bytes for ./Payload/Casala.app/Frameworks/hermes.framework/Info.plist
copying file ./Payload/Casala.app/Poppins-Black.ttf ... 
2024-05-28 08:50:24 +0000  151396 bytes for ./Payload/Casala.app/Poppins-Black.ttf
copying file ./Payload/Casala.app/embedded.mobileprovision ... 
2024-05-28 08:50:24 +0000  14502 bytes for ./Payload/Casala.app/embedded.mobileprovision
2024-05-28 08:50:24 +0000  copying file ./Payload/Casala.app/assets/app/src/assets/document.png ... 
2024-05-28 08:50:24 +0000  2354 bytes for ./Payload/Casala.app/assets/app/src/assets/document.png
2024-05-28 08:50:24 +0000  copying file ./Payload/Casala.app/assets/app/src/assets/note.png ... 
2024-05-28 08:50:24 +0000  2748 bytes for ./Payload/Casala.app/assets/app/src/assets/note.png
2024-05-28 08:50:24 +0000  copying file ./Payload/Casala.app/assets/app/src/assets/mail.png ... 
2024-05-28 08:50:24 +0000  517 bytes for ./Payload/Casala.app/assets/app/src/assets/mail.png
2024-05-28 08:50:24 +0000  copying file ./Payload/Casala.app/assets/app/src/assets/arrow-right.png ... 
2024-05-28 08:50:24 +0000  906 bytes for ./Payload/Casala.app/assets/app/src/assets/arrow-right.png
2024-05-28 08:50:24 +0000  copying file ./Payload/Casala.app/assets/app/src/assets/lock.png ... 
2024-05-28 08:50:24 +0000  351 bytes for ./Payload/Casala.app/assets/app/src/assets/lock.png
2024-05-28 08:50:24 +0000  copying file ./Payload/Casala.app/assets/app/src/assets/images/bottomTabBar/caseload_Black.png ... 
2024-05-28 08:50:24 +0000  1068 bytes for ./Payload/Casala.app/assets/app/src/assets/images/bottomTabBar/caseload_Black.png
2024-05-28 08:50:24 +0000  copying file ./Payload/Casala.app/assets/app/src/assets/images/bottomTabBar/Message_Black.png ... 
2024-05-28 08:50:24 +0000  665 bytes for ./Payload/Casala.app/assets/app/src/assets/images/bottomTabBar/Message_Black.png
2024-05-28 08:50:24 +0000  copying file ./Payload/Casala.app/assets/app/src/assets/images/bottomTabBar/volunteer_Black.png ... 
2024-05-28 08:50:24 +0000  1686 bytes for ./Payload/Casala.app/assets/app/src/assets/images/bottomTabBar/volunteer_Black.png
2024-05-28 08:50:24 +0000  copying file ./Payload/Casala.app/assets/app/src/assets/images/bottomTabBar/Message_Red.png ... 
2024-05-28 08:50:24 +0000  633 bytes for ./Payload/Casala.app/assets/app/src/assets/images/bottomTabBar/Message_Red.png
2024-05-28 08:50:24 +0000  copying file ./Payload/Casala.app/assets/app/src/assets/images/bottomTabBar/volunteer_Red.png ... 
2024-05-28 08:50:24 +0000  1519 bytes for ./Payload/Casala.app/assets/app/src/assets/images/bottomTabBar/volunteer_Red.png
2024-05-28 08:50:24 +0000  copying file ./Payload/Casala.app/assets/app/src/assets/images/bottomTabBar/caseload_Red.png ... 
2024-05-28 08:50:24 +0000  959 bytes for ./Payload/Casala.app/assets/app/src/assets/images/bottomTabBar/caseload_Red.png
2024-05-28 08:50:24 +0000  copying file ./Payload/Casala.app/assets/app/src/assets/images/participantImage/court.png ... 
2024-05-28 08:50:24 +0000  989 bytes for ./Payload/Casala.app/assets/app/src/assets/images/participantImage/court.png
2024-05-28 08:50:24 +0000  copying file ./Payload/Casala.app/assets/app/src/assets/images/participantImage/department.png ... 
2024-05-28 08:50:24 +0000  1213 bytes for ./Payload/Casala.app/assets/app/src/assets/images/participantImage/department.png
2024-05-28 08:50:24 +0000  copying file ./Payload/Casala.app/assets/app/src/assets/images/participantImage/calendar.png ... 
2024-05-28 08:50:24 +0000  1255 bytes for ./Payload/Casala.app/assets/app/src/assets/images/participantImage/calendar.png
2024-05-28 08:50:24 +0000  copying file ./Payload/Casala.app/assets/app/src/assets/images/participantImage/profile.png ... 
2024-05-28 08:50:24 +0000  1666 bytes for ./Payload/Casala.app/assets/app/src/assets/images/participantImage/profile.png
2024-05-28 08:50:24 +0000  copying file ./Payload/Casala.app/assets/app/src/assets/images/participantImage/location.png ... 
2024-05-28 08:50:24 +0000  1721 bytes for ./Payload/Casala.app/assets/app/src/assets/images/participantImage/location.png
2024-05-28 08:50:24 +0000  copying file ./Payload/Casala.app/assets/app/src/assets/images/participantImage/language.png ... 
2024-05-28 08:50:24 +0000  1533 bytes for ./Payload/Casala.app/assets/app/src/assets/images/participantImage/language.png
2024-05-28 08:50:24 +0000  copying file ./Payload/Casala.app/assets/app/src/assets/images/participantImage/ethnicity.png ... 
2024-05-28 08:50:24 +0000  909 bytes for ./Payload/Casala.app/assets/app/src/assets/images/participantImage/ethnicity.png
2024-05-28 08:50:24 +0000  copying file ./Payload/Casala.app/assets/app/src/assets/images/participantImage/caseNumber.png ... 
2024-05-28 08:50:24 +0000  1025 bytes for ./Payload/Casala.app/assets/app/src/assets/images/participantImage/caseNumber.png
2024-05-28 08:50:24 +0000  copying file ./Payload/Casala.app/assets/app/src/assets/images/participantImage/gender.png ... 
2024-05-28 08:50:24 +0000  1976 bytes for ./Payload/Casala.app/assets/app/src/assets/images/participantImage/gender.png
2024-05-28 08:50:24 +0000  copying file ./Payload/Casala.app/assets/app/src/assets/images/generalImage/add.png ... 
2024-05-28 08:50:24 +0000  1425 bytes for ./Payload/Casala.app/assets/app/src/assets/images/generalImage/add.png
2024-05-28 08:50:24 +0000  copying file ./Payload/Casala.app/assets/app/src/assets/images/generalImage/arrowRightWhite.png ... 
2024-05-28 08:50:24 +0000  277 bytes for ./Payload/Casala.app/assets/app/src/assets/images/generalImage/arrowRightWhite.png
2024-05-28 08:50:24 +0000  copying file ./Payload/Casala.app/assets/app/src/assets/images/generalImage/arrowRightBGRed.png ... 
2024-05-28 08:50:24 +0000  2351 bytes for ./Payload/Casala.app/assets/app/src/assets/images/generalImage/arrowRightBGRed.png
copying file ./Payload/Casala.app/assets/app/src/assets/images/generalImage/settingsLogout.png ... 
2024-05-28 08:50:24 +0000  1419 bytes for ./Payload/Casala.app/assets/app/src/assets/images/generalImage/settingsLogout.png
2024-05-28 08:50:24 +0000  copying file ./Payload/Casala.app/assets/app/src/assets/images/generalImage/arrowRightBlue.png ... 
2024-05-28 08:50:24 +0000  3912 bytes for ./Payload/Casala.app/assets/app/src/assets/images/generalImage/arrowRightBlue.png
2024-05-28 08:50:24 +0000  copying file ./Payload/Casala.app/assets/app/src/assets/images/generalImage/settingsLockIcon.png ... 
2024-05-28 08:50:24 +0000  1522 bytes for ./Payload/Casala.app/assets/app/src/assets/images/generalImage/settingsLockIcon.png
2024-05-28 08:50:24 +0000  copying file ./Payload/Casala.app/assets/app/src/assets/images/generalImage/volunteerProfile.png ... 
2024-05-28 08:50:24 +0000  760 bytes for ./Payload/Casala.app/assets/app/src/assets/images/generalImage/volunteerProfile.png
2024-05-28 08:50:24 +0000  copying file ./Payload/Casala.app/assets/app/src/assets/images/generalImage/settingsOnlineGreen.png ... 
2024-05-28 08:50:24 +0000  11452 bytes for ./Payload/Casala.app/assets/app/src/assets/images/generalImage/settingsOnlineGreen.png
2024-05-28 08:50:24 +0000  copying file ./Payload/Casala.app/assets/app/src/assets/images/generalImage/calendarGrey.png ... 
2024-05-28 08:50:24 +0000  2052 bytes for ./Payload/Casala.app/assets/app/src/assets/images/generalImage/calendarGrey.png
2024-05-28 08:50:24 +0000  copying file ./Payload/Casala.app/assets/app/src/assets/images/generalImage/editBlue.png ... 
2024-05-28 08:50:24 +0000  1928 bytes for ./Payload/Casala.app/assets/app/src/assets/images/generalImage/editBlue.png
2024-05-28 08:50:24 +0000  copying file ./Payload/Casala.app/assets/app/src/assets/images/generalImage/settingsProfileIcon.png ... 
2024-05-28 08:50:24 +0000  1616 bytes for ./Payload/Casala.app/assets/app/src/assets/images/generalImage/settingsProfileIcon.png
2024-05-28 08:50:24 +0000  copying file ./Payload/Casala.app/assets/app/src/assets/images/generalImage/optionWhite.png ... 
2024-05-28 08:50:24 +0000  360 bytes for ./Payload/Casala.app/assets/app/src/assets/images/generalImage/optionWhite.png
2024-05-28 08:50:24 +0000  copying file ./Payload/Casala.app/assets/app/src/assets/images/generalImage/view.png ... 
2024-05-28 08:50:24 +0000  2967 bytes for ./Payload/Casala.app/assets/app/src/assets/images/generalImage/view.png
2024-05-28 08:50:24 +0000  copying file ./Payload/Casala.app/assets/app/src/assets/images/generalImage/arrowDownGrey.png ... 
2024-05-28 08:50:24 +0000  467 bytes for ./Payload/Casala.app/assets/app/src/assets/images/generalImage/arrowDownGrey.png
2024-05-28 08:50:24 +0000  copying file ./Payload/Casala.app/assets/app/src/assets/images/generalImage/userProfileIcon.png ... 
2024-05-28 08:50:24 +0000  26527 bytes for ./Payload/Casala.app/assets/app/src/assets/images/generalImage/userProfileIcon.png
2024-05-28 08:50:24 +0000  copying file ./Payload/Casala.app/assets/app/src/assets/images/generalImage/arrowBackBlack.png ... 
2024-05-28 08:50:24 +0000  352 bytes for ./Payload/Casala.app/assets/app/src/assets/images/generalImage/arrowBackBlack.png
2024-05-28 08:50:24 +0000  copying file ./Payload/Casala.app/assets/app/src/assets/datepick.png ... 
2024-05-28 08:50:24 +0000  2052 bytes for ./Payload/Casala.app/assets/app/src/assets/datepick.png
2024-05-28 08:50:24 +0000  copying file ./Payload/Casala.app/assets/app/src/assets/arrow.png ... 
2024-05-28 08:50:24 +0000  2351 bytes for ./Payload/Casala.app/assets/app/src/assets/arrow.png
2024-05-28 08:50:24 +0000  copying file ./Payload/Casala.app/assets/app/src/assets/contact.png ... 
2024-05-28 08:50:24 +0000  4758 bytes for ./Payload/Casala.app/assets/app/src/assets/contact.png
2024-05-28 08:50:24 +0000  copying file ./Payload/Casala.app/assets/app/src/assets/background.png ... 
2024-05-28 08:50:24 +0000  14440 bytes for ./Payload/Casala.app/assets/app/src/assets/background.png
2024-05-28 08:50:24 +0000  copying file ./Payload/Casala.app/assets/app/src/assets/logo.png ... 
2024-05-28 08:50:24 +0000  88515 bytes for ./Payload/Casala.app/assets/app/src/assets/logo.png
copying file ./Payload/Casala.app/assets/app/src/assets/points.png ... 
2024-05-28 08:50:24 +0000  6822 bytes for ./Payload/Casala.app/assets/app/src/assets/points.png
2024-05-28 08:50:24 +0000  copying file ./Payload/Casala.app/assets/app/src/assets/eye.png ... 
2024-05-28 08:50:24 +0000  714 bytes for ./Payload/Casala.app/assets/app/src/assets/eye.png
2024-05-28 08:50:24 +0000  copying file ./Payload/Casala.app/assets/app/src/assets/LoginLandscapebg.png ... 
2024-05-28 08:50:24 +0000  133585 bytes for ./Payload/Casala.app/assets/app/src/assets/LoginLandscapebg.png
2024-05-28 08:50:24 +0000  copying file ./Payload/Casala.app/assets/app/src/assets/back.png ... 
2024-05-28 08:50:24 +0000  352 bytes for ./Payload/Casala.app/assets/app/src/assets/back.png
2024-05-28 08:50:24 +0000  copying file ./Payload/Casala.app/assets/app/src/assets/child.png ... 
2024-05-28 08:50:24 +0000  3961 bytes for ./Payload/Casala.app/assets/app/src/assets/child.png
2024-05-28 08:50:24 +0000  copying file ./Payload/Casala.app/assets/node_modules/@react-navigation/elements/src/assets/back-icon@3x.png ... 
2024-05-28 08:50:24 +0000  761 bytes for ./Payload/Casala.app/assets/node_modules/@react-navigation/elements/src/assets/back-icon@3x.png
2024-05-28 08:50:24 +0000  copying file ./Payload/Casala.app/assets/node_modules/@react-navigation/elements/src/assets/back-icon@2x.png ... 
2024-05-28 08:50:24 +0000  405 bytes for ./Payload/Casala.app/assets/node_modules/@react-navigation/elements/src/assets/back-icon@2x.png
2024-05-28 08:50:24 +0000  copying file ./Payload/Casala.app/assets/node_modules/@react-navigation/elements/src/assets/back-icon.png ... 
2024-05-28 08:50:24 +0000  290 bytes for ./Payload/Casala.app/assets/node_modules/@react-navigation/elements/src/assets/back-icon.png
2024-05-28 08:50:24 +0000  copying file ./Payload/Casala.app/assets/node_modules/@react-navigation/elements/src/assets/back-icon-mask.png ... 
2024-05-28 08:50:24 +0000  913 bytes for ./Payload/Casala.app/assets/node_modules/@react-navigation/elements/src/assets/back-icon-mask.png
2024-05-28 08:50:24 +0000  copying file ./Payload/Casala.app/assets/node_modules/react-native-element-dropdown/src/assets/down.png ... 
2024-05-28 08:50:24 +0000  186 bytes for ./Payload/Casala.app/assets/node_modules/react-native-element-dropdown/src/assets/down.png
2024-05-28 08:50:24 +0000  copying file ./Payload/Casala.app/assets/node_modules/react-native-element-dropdown/src/assets/close.png ... 
2024-05-28 08:50:24 +0000  208 bytes for ./Payload/Casala.app/assets/node_modules/react-native-element-dropdown/src/assets/close.png
2024-05-28 08:50:24 +0000  copying file ./Payload/Casala.app/Poppins-Thin.ttf ... 
2024-05-28 08:50:24 +0000  161652 bytes for ./Payload/Casala.app/Poppins-Thin.ttf
2024-05-28 08:50:24 +0000  copying file ./Payload/Casala.app/Poppins-SemiBold.ttf ... 
2024-05-28 08:50:24 +0000  155232 bytes for ./Payload/Casala.app/Poppins-SemiBold.ttf
copying file ./Payload/Casala.app/Poppins-Italic.ttf ... 
2024-05-28 08:50:24 +0000  182012 bytes for ./Payload/Casala.app/Poppins-Italic.ttf
copying file ./Payload/Casala.app/Info.plist ... 
2024-05-28 08:50:24 +0000  2120 bytes for ./Payload/Casala.app/Info.plist
2024-05-28 08:50:24 +0000  copying file ./Payload/Casala.app/RNCAsyncStorage_resources.bundle/PrivacyInfo.xcprivacy ... 
2024-05-28 08:50:24 +0000  512 bytes for ./Payload/Casala.app/RNCAsyncStorage_resources.bundle/PrivacyInfo.xcprivacy
2024-05-28 08:50:24 +0000  copying file ./Payload/Casala.app/RNCAsyncStorage_resources.bundle/Info.plist ... 
2024-05-28 08:50:24 +0000  797 bytes for ./Payload/Casala.app/RNCAsyncStorage_resources.bundle/Info.plist
2024-05-28 08:50:24 +0000  copying file ./Payload/Casala.app/PkgInfo ... 
2024-05-28 08:50:24 +0000  8 bytes for ./Payload/Casala.app/PkgInfo
2024-05-28 08:50:24 +0000  copying file ./Payload/Casala.app/Poppins-MediumItalic.ttf ... 
2024-05-28 08:50:24 +0000  180444 bytes for ./Payload/Casala.app/Poppins-MediumItalic.ttf
2024-05-28 08:50:24 +0000  /usr/bin/ditto exited with 0
2024-05-28 08:50:24 +0000  Processing step: IDEDistributionAppStoreInformationStep
2024-05-28 08:50:24 +0000  Skipping step: IDEDistributionAppStoreInformationStep because it said so
2024-05-28 08:50:24 +0000  Processing step: IDEDistributionGenerateProcessedDistributionItems
2024-05-28 08:50:24 +0000  IDEDistributionItem init <DVTFilePath:0x600018ae12d0:'/var/folders/3n/94j4hdz957z5955tz9n8ckhh0000gq/T/XcodeDistPipeline.~~~qEeJVW/Root/Payload/Casala.app/Frameworks/hermes.framework'>
2024-05-28 08:50:24 +0000  IDEDistributionItem init <DVTFilePath:0x6000189f18f0:'/var/folders/3n/94j4hdz957z5955tz9n8ckhh0000gq/T/XcodeDistPipeline.~~~qEeJVW/Root/Payload/Casala.app'>
2024-05-28 08:50:24 +0000  Processing step: IDEDistributionCreateManifestStep
